Vivado Simulator 2016.2
Copyright 1986-1999, 2001-2016 Xilinx, Inc. All Rights Reserved.
Running: F:/Xilinx/Vivado/2016.2/bin/unwrapped/win64.o/xelab.exe -wto 5d71822e8f704471b16c65e113eeec7f --debug typical --relax --mt 2 -L xil_defaultlib -L unisims_ver -L unimacro_ver -L secureip --snapshot testbench_behav xil_defaultlib.testbench xil_defaultlib.glbl -log elaborate.log 
Using 2 slave threads.
Starting static elaboration
Completed static elaboration
Starting simulation data flow analysis
Completed simulation data flow analysis
Time Resolution for simulation is 1ps
Compiling module unisims_ver.IBUF
Compiling module unisims_ver.MMCME2_ADV(BANDWIDTH="OPTIMIZED"...
Compiling module unisims_ver.MMCME2_BASE(CLKFBOUT_MULT_F=10.0...
Compiling module unisims_ver.BUFH
Compiling module unisims_ver.BUFGCE_default
Compiling module unisims_ver.ODDR
Compiling module xil_defaultlib.vga_timing
Compiling module xil_defaultlib.vga_example
Compiling module xil_defaultlib.tiff_writer
Compiling module xil_defaultlib.testbench
Compiling module xil_defaultlib.glbl
Built simulation snapshot testbench_behav
