Copyright 1986-2016 Xilinx, Inc. All Rights Reserved.
-------------------------------------------------------------------------------------------------------------------------------------------------------
| Tool Version     : Vivado v.2016.2 (win64) Build 1577090 Thu Jun  2 16:32:40 MDT 2016
| Date             : Tue Nov 08 16:22:00 2016
| Host             : AwesomeSauce running 64-bit major release  (build 9200)
| Command          : report_power -file vga_example_power_routed.rpt -pb vga_example_power_summary_routed.pb -rpx vga_example_power_routed.rpx
| Design           : vga_example
| Device           : xc7a35tcpg236-1
| Design State     : routed
| Grade            : commercial
| Process          : typical
| Characterization : Production
-------------------------------------------------------------------------------------------------------------------------------------------------------

Power Report

Table of Contents
-----------------
1. Summary
1.1 On-Chip Components
1.2 Power Supply Summary
1.3 Confidence Level
2. Settings
2.1 Environment
2.2 Clock Constraints
3. Detailed Reports
3.1 By Hierarchy

1. Summary
----------

+--------------------------+-------+
| Total On-Chip Power (W)  | 0.194 |
| Dynamic (W)              | 0.122 |
| Device Static (W)        | 0.072 |
| Effective TJA (C/W)      | 5.0   |
| Max Ambient (C)          | 84.0  |
| Junction Temperature (C) | 26.0  |
| Confidence Level         | Low   |
| Setting File             | ---   |
| Simulation Activity File | ---   |
| Design Nets Matched      | NA    |
+--------------------------+-------+


1.1 On-Chip Components
----------------------

+-------------------------+-----------+----------+-----------+-----------------+
| On-Chip                 | Power (W) | Used     | Available | Utilization (%) |
+-------------------------+-----------+----------+-----------+-----------------+
| Clocks                  |    <0.001 |        5 |       --- |             --- |
| Slice Logic             |    <0.001 |      482 |       --- |             --- |
|   LUT as Logic          |    <0.001 |      233 |     20800 |            1.12 |
|   CARRY4                |    <0.001 |       16 |      8150 |            0.20 |
|   Register              |    <0.001 |      149 |     41600 |            0.36 |
|   LUT as Shift Register |    <0.001 |        2 |      9600 |            0.02 |
|   F7/F8 Muxes           |    <0.001 |        2 |     32600 |           <0.01 |
|   Others                |     0.000 |       34 |       --- |             --- |
| Signals                 |    <0.001 |      385 |       --- |             --- |
| Block RAM               |     0.006 |        8 |        50 |           16.00 |
| MMCM                    |     0.106 |        1 |         5 |           20.00 |
| I/O                     |     0.009 |       37 |       106 |           34.91 |
| Static Power            |     0.072 |          |           |                 |
| Total                   |     0.194 |          |           |                 |
+-------------------------+-----------+----------+-----------+-----------------+


1.2 Power Supply Summary
------------------------

+-----------+-------------+-----------+-------------+------------+
| Source    | Voltage (V) | Total (A) | Dynamic (A) | Static (A) |
+-----------+-------------+-----------+-------------+------------+
| Vccint    |       1.000 |     0.017 |       0.007 |      0.010 |
| Vccaux    |       1.800 |     0.071 |       0.059 |      0.013 |
| Vcco33    |       3.300 |     0.003 |       0.002 |      0.001 |
| Vcco25    |       2.500 |     0.000 |       0.000 |      0.000 |
| Vcco18    |       1.800 |     0.000 |       0.000 |      0.000 |
| Vcco15    |       1.500 |     0.000 |       0.000 |      0.000 |
| Vcco135   |       1.350 |     0.000 |       0.000 |      0.000 |
| Vcco12    |       1.200 |     0.000 |       0.000 |      0.000 |
| Vccaux_io |       1.800 |     0.000 |       0.000 |      0.000 |
| Vccbram   |       1.000 |     0.001 |       0.000 |      0.000 |
| MGTAVcc   |       1.000 |     0.000 |       0.000 |      0.000 |
| MGTAVtt   |       1.200 |     0.000 |       0.000 |      0.000 |
| Vccadc    |       1.800 |     0.020 |       0.000 |      0.020 |
+-----------+-------------+-----------+-------------+------------+


1.3 Confidence Level
--------------------

+-----------------------------+------------+--------------------------------------------------------+------------------------------------------------------------------------------------------------------------+
| User Input Data             | Confidence | Details                                                | Action                                                                                                     |
+-----------------------------+------------+--------------------------------------------------------+------------------------------------------------------------------------------------------------------------+
| Design implementation state | High       | Design is routed                                       |                                                                                                            |
| Clock nodes activity        | High       | User specified more than 95% of clocks                 |                                                                                                            |
| I/O nodes activity          | Low        | More than 75% of inputs are missing user specification | Provide missing input activity with simulation results or by editing the "By Resource Type -> I/Os" view   |
| Internal nodes activity     | Medium     | User specified less than 25% of internal nodes         | Provide missing internal nodes activity with simulation results or by editing the "By Resource Type" views |
| Device models               | High       | Device models are Production                           |                                                                                                            |
|                             |            |                                                        |                                                                                                            |
| Overall confidence level    | Low        |                                                        |                                                                                                            |
+-----------------------------+------------+--------------------------------------------------------+------------------------------------------------------------------------------------------------------------+


2. Settings
-----------

2.1 Environment
---------------

+-----------------------+--------------------------+
| Ambient Temp (C)      | 25.0                     |
| ThetaJA (C/W)         | 5.0                      |
| Airflow (LFM)         | 250                      |
| Heat Sink             | medium (Medium Profile)  |
| ThetaSA (C/W)         | 4.6                      |
| Board Selection       | medium (10"x10")         |
| # of Board Layers     | 12to15 (12 to 15 Layers) |
| Board Temperature (C) | 25.0                     |
+-----------------------+--------------------------+


2.2 Clock Constraints
---------------------

+----------------+---------+-----------------+
| Clock          | Domain  | Constraint (ns) |
+----------------+---------+-----------------+
| clk_out        | clk_out |            25.0 |
| clkfb          | clkfb   |            10.0 |
| external_clock | clk     |            10.0 |
+----------------+---------+-----------------+


3. Detailed Reports
-------------------

3.1 By Hierarchy
----------------

+----------------------------------------------+-----------+
| Name                                         | Power (W) |
+----------------------------------------------+-----------+
| vga_example                                  |     0.122 |
|   my_framebuffer                             |     0.006 |
|     U0                                       |     0.006 |
|       inst_blk_mem_gen                       |     0.006 |
|         gnbram.gnativebmg.native_blk_mem_gen |     0.006 |
|           valid.cstr                         |     0.006 |
|             has_mux_b.B                      |    <0.001 |
|             ramloop[0].ram.r                 |    <0.001 |
|               prim_noinit.ram                |    <0.001 |
|             ramloop[1].ram.r                 |    <0.001 |
|               prim_noinit.ram                |    <0.001 |
|             ramloop[2].ram.r                 |    <0.001 |
|               prim_noinit.ram                |    <0.001 |
|             ramloop[3].ram.r                 |    <0.001 |
|               prim_noinit.ram                |    <0.001 |
|             ramloop[4].ram.r                 |    <0.001 |
|               prim_noinit.ram                |    <0.001 |
|             ramloop[5].ram.r                 |    <0.001 |
|               prim_noinit.ram                |    <0.001 |
|             ramloop[6].ram.r                 |    <0.001 |
|               prim_noinit.ram                |    <0.001 |
|             ramloop[7].ram.r                 |    <0.001 |
|               prim_noinit.ram                |    <0.001 |
|   my_linedraw                                |    <0.001 |
|   my_timing                                  |    <0.001 |
+----------------------------------------------+-----------+


