--------------------------------------------------------------------------------
Release 14.7 Trace  (nt64)
Copyright (c) 1995-2013 Xilinx, Inc.  All rights reserved.

D:\14.7\ISE_DS\ISE\bin\nt64\unwrapped\trce.exe -intstyle ise -v 3 -s 3 -n 3
-fastpaths -xml Lab_F_Comp4.twx Lab_F_Comp4.ncd -o Lab_F_Comp4.twr
Lab_F_Comp4.pcf -ucf Lab_F_Comp4.ucf

Design file:              Lab_F_Comp4.ncd
Physical constraint file: Lab_F_Comp4.pcf
Device,package,speed:     xc7a100t,csg324,C,-3 (PRODUCTION 1.10 2013-10-13)
Report level:             verbose report

Environment Variable      Effect 
--------------------      ------ 
NONE                      No environment variables were set
--------------------------------------------------------------------------------

INFO:Timing:2698 - No timing constraints found, doing default enumeration.
INFO:Timing:3412 - To improve timing, see the Timing Closure User Guide (UG612).
INFO:Timing:2752 - To get complete path coverage, use the unconstrained paths 
   option. All paths that are not constrained will be reported in the 
   unconstrained paths section(s) of the report.
INFO:Timing:3339 - The clock-to-out numbers in this timing report are based on 
   a 50 Ohm transmission line loading model.  For the details of this model, 
   and for more information on accounting for different loading conditions, 
   please see the device datasheet.



Data Sheet report:
-----------------
All values displayed in nanoseconds (ns)

Pad to Pad
---------------+---------------+---------+
Source Pad     |Destination Pad|  Delay  |
---------------+---------------+---------+
A<0>           |E              |    7.523|
A<0>           |G              |    6.996|
A<0>           |L              |    7.611|
A<1>           |E              |    7.806|
A<1>           |G              |    7.449|
A<1>           |L              |    8.057|
A<2>           |E              |    7.262|
A<2>           |G              |    6.870|
A<2>           |L              |    6.890|
A<3>           |E              |    7.054|
A<3>           |G              |    6.792|
A<3>           |L              |    7.163|
B<0>           |E              |    7.506|
B<0>           |G              |    7.052|
B<0>           |L              |    7.669|
B<1>           |E              |    7.612|
B<1>           |G              |    7.327|
B<1>           |L              |    7.950|
B<2>           |E              |    7.544|
B<2>           |G              |    6.998|
B<2>           |L              |    7.472|
B<3>           |E              |    7.144|
B<3>           |G              |    6.483|
B<3>           |L              |    7.330|
---------------+---------------+---------+


Analysis completed Tue Oct 20 14:49:20 2015 
--------------------------------------------------------------------------------

Trace Settings:
-------------------------
Trace Settings 

Peak Memory Usage: 611 MB



