Running: D:\14.7\ISE_DS\ISE\bin\nt64\unwrapped\fuse.exe -intstyle ise -incremental -lib unisims_ver -lib unimacro_ver -lib xilinxcorelib_ver -lib secureip -o C:/Users/Justin/Lab_B/Lab_B_Part2_Schematic_Lab_B_Part2_Schematic_sch_tb_isim_beh.exe -prj C:/Users/Justin/Lab_B/Lab_B_Part2_Schematic_Lab_B_Part2_Schematic_sch_tb_beh.prj work.Lab_B_Part2_Schematic_Lab_B_Part2_Schematic_sch_tb work.glbl 
ISim P.20131013 (signature 0x7708f090)
Number of CPUs detected in this system: 8
Turning on mult-threading, number of parallel sub-compilation jobs: 16 
Determining compilation order of HDL files
Analyzing Verilog file "C:/Users/Justin/Lab_B/Lab_B_Part2_Schematic.vf" into library work
Analyzing Verilog file "C:/Users/Justin/Lab_B/tb_Lab_B_Part2_Schematic.v" into library work
Analyzing Verilog file "D:/14.7/ISE_DS/ISE//verilog/src/glbl.v" into library work
Starting static elaboration
Completed static elaboration
Compiling module NAND3
Compiling module NAND2
Compiling module INV
Compiling module Lab_B_Part2_Schematic
Compiling module Lab_B_Part2_Schematic_Lab_B_Part...
Compiling module glbl
Time Resolution for simulation is 1ps.
Waiting for 1 sub-compilation(s) to finish...
Compiled 6 Verilog Units
Built simulation executable C:/Users/Justin/Lab_B/Lab_B_Part2_Schematic_Lab_B_Part2_Schematic_sch_tb_isim_beh.exe
Fuse Memory Usage: 26564 KB
Fuse CPU Usage: 312 ms
