
*** Running vivado
    with args -log vga_example.vds -m64 -mode batch -messageDb vivado.pb -notrace -source vga_example.tcl


****** Vivado v2016.2 (64-bit)
  **** SW Build 1577090 on Thu Jun  2 16:32:40 MDT 2016
  **** IP Build 1577682 on Fri Jun  3 12:00:54 MDT 2016
    ** Copyright 1986-2016 Xilinx, Inc. All Rights Reserved.

source vga_example.tcl -notrace
Command: synth_design -top vga_example -part xc7a35tcpg236-1
Starting synth_design
Attempting to get a license for feature 'Synthesis' and/or device 'xc7a35t'
INFO: [Common 17-349] Got license for feature 'Synthesis' and/or device 'xc7a35t'
INFO: Launching helper process for spawning children vivado processes
INFO: Helper process launched with PID 2736 
---------------------------------------------------------------------------------
Starting RTL Elaboration : Time (s): cpu = 00:00:04 ; elapsed = 00:00:07 . Memory (MB): peak = 274.770 ; gain = 67.625
---------------------------------------------------------------------------------
INFO: [Synth 8-638] synthesizing module 'vga_example' [C:/Users/Justin/Documents/4th School Year/Fall 2016 Semester/EE178/Vivado Projects/EE178_Lab_6/EE178_Lab_6.srcs/sources_1/imports/Lab #6 Files/vga_example.v:13]
INFO: [Synth 8-5534] Detected attribute (* KEEP = "TRUE" *) [C:/Users/Justin/Documents/4th School Year/Fall 2016 Semester/EE178/Vivado Projects/EE178_Lab_6/EE178_Lab_6.srcs/sources_1/imports/Lab #6 Files/vga_example.v:40]
INFO: [Synth 8-5534] Detected attribute (* ASYNC_REG = "TRUE" *) [C:/Users/Justin/Documents/4th School Year/Fall 2016 Semester/EE178/Vivado Projects/EE178_Lab_6/EE178_Lab_6.srcs/sources_1/imports/Lab #6 Files/vga_example.v:40]
INFO: [Synth 8-638] synthesizing module 'IBUF' [F:/Xilinx/Vivado/2016.2/scripts/rt/data/unisim_comp.v:14145]
	Parameter CAPACITANCE bound to: DONT_CARE - type: string 
	Parameter IBUF_DELAY_VALUE bound to: 0 - type: string 
	Parameter IBUF_LOW_PWR bound to: TRUE - type: string 
	Parameter IFD_DELAY_VALUE bound to: AUTO - type: string 
	Parameter IOSTANDARD bound to: DEFAULT - type: string 
INFO: [Synth 8-256] done synthesizing module 'IBUF' (1#1) [F:/Xilinx/Vivado/2016.2/scripts/rt/data/unisim_comp.v:14145]
INFO: [Synth 8-638] synthesizing module 'MMCME2_BASE' [F:/Xilinx/Vivado/2016.2/scripts/rt/data/unisim_comp.v:20516]
	Parameter BANDWIDTH bound to: OPTIMIZED - type: string 
	Parameter CLKFBOUT_MULT_F bound to: 10.000000 - type: float 
	Parameter CLKFBOUT_PHASE bound to: 0.000000 - type: float 
	Parameter CLKIN1_PERIOD bound to: 10.000000 - type: float 
	Parameter CLKOUT0_DIVIDE_F bound to: 25.000000 - type: float 
	Parameter CLKOUT0_DUTY_CYCLE bound to: 0.500000 - type: float 
	Parameter CLKOUT0_PHASE bound to: 0.000000 - type: float 
	Parameter CLKOUT1_DIVIDE bound to: 1 - type: integer 
	Parameter CLKOUT1_DUTY_CYCLE bound to: 0.500000 - type: float 
	Parameter CLKOUT1_PHASE bound to: 0.000000 - type: float 
	Parameter CLKOUT2_DIVIDE bound to: 1 - type: integer 
	Parameter CLKOUT2_DUTY_CYCLE bound to: 0.500000 - type: float 
	Parameter CLKOUT2_PHASE bound to: 0.000000 - type: float 
	Parameter CLKOUT3_DIVIDE bound to: 1 - type: integer 
	Parameter CLKOUT3_DUTY_CYCLE bound to: 0.500000 - type: float 
	Parameter CLKOUT3_PHASE bound to: 0.000000 - type: float 
	Parameter CLKOUT4_CASCADE bound to: FALSE - type: string 
	Parameter CLKOUT4_DIVIDE bound to: 1 - type: integer 
	Parameter CLKOUT4_DUTY_CYCLE bound to: 0.500000 - type: float 
	Parameter CLKOUT4_PHASE bound to: 0.000000 - type: float 
	Parameter CLKOUT5_DIVIDE bound to: 1 - type: integer 
	Parameter CLKOUT5_DUTY_CYCLE bound to: 0.500000 - type: float 
	Parameter CLKOUT5_PHASE bound to: 0.000000 - type: float 
	Parameter CLKOUT6_DIVIDE bound to: 1 - type: integer 
	Parameter CLKOUT6_DUTY_CYCLE bound to: 0.500000 - type: float 
	Parameter CLKOUT6_PHASE bound to: 0.000000 - type: float 
	Parameter DIVCLK_DIVIDE bound to: 1 - type: integer 
	Parameter REF_JITTER1 bound to: 0.010000 - type: float 
	Parameter STARTUP_WAIT bound to: FALSE - type: string 
INFO: [Synth 8-256] done synthesizing module 'MMCME2_BASE' (2#1) [F:/Xilinx/Vivado/2016.2/scripts/rt/data/unisim_comp.v:20516]
INFO: [Synth 8-638] synthesizing module 'BUFH' [F:/Xilinx/Vivado/2016.2/scripts/rt/data/unisim_comp.v:806]
INFO: [Synth 8-256] done synthesizing module 'BUFH' (3#1) [F:/Xilinx/Vivado/2016.2/scripts/rt/data/unisim_comp.v:806]
INFO: [Synth 8-638] synthesizing module 'BUFGCE' [F:/Xilinx/Vivado/2016.2/scripts/rt/data/unisim_comp.v:617]
	Parameter CE_TYPE bound to: SYNC - type: string 
	Parameter IS_CE_INVERTED bound to: 1'b0 
	Parameter IS_I_INVERTED bound to: 1'b0 
INFO: [Synth 8-256] done synthesizing module 'BUFGCE' (4#1) [F:/Xilinx/Vivado/2016.2/scripts/rt/data/unisim_comp.v:617]
INFO: [Synth 8-638] synthesizing module 'ODDR' [F:/Xilinx/Vivado/2016.2/scripts/rt/data/unisim_comp.v:25287]
	Parameter DDR_CLK_EDGE bound to: OPPOSITE_EDGE - type: string 
	Parameter INIT bound to: 1'b0 
	Parameter IS_C_INVERTED bound to: 1'b0 
	Parameter IS_D1_INVERTED bound to: 1'b0 
	Parameter IS_D2_INVERTED bound to: 1'b0 
	Parameter SRTYPE bound to: SYNC - type: string 
INFO: [Synth 8-256] done synthesizing module 'ODDR' (5#1) [F:/Xilinx/Vivado/2016.2/scripts/rt/data/unisim_comp.v:25287]
INFO: [Synth 8-638] synthesizing module 'vga_timing' [C:/Users/Justin/Documents/4th School Year/Fall 2016 Semester/EE178/Vivado Projects/EE178_Lab_6/EE178_Lab_6.srcs/sources_1/imports/Lab #6 Files/vga_timing.v:13]
INFO: [Synth 8-256] done synthesizing module 'vga_timing' (6#1) [C:/Users/Justin/Documents/4th School Year/Fall 2016 Semester/EE178/Vivado Projects/EE178_Lab_6/EE178_Lab_6.srcs/sources_1/imports/Lab #6 Files/vga_timing.v:13]
INFO: [Synth 8-638] synthesizing module 'framebuffer' [C:/Users/Justin/Documents/4th School Year/Fall 2016 Semester/EE178/Vivado Projects/EE178_Lab_6/EE178_Lab_6.runs/synth_1/.Xil/Vivado-1140-AwesomeSauce/realtime/framebuffer_stub.v:6]
INFO: [Synth 8-256] done synthesizing module 'framebuffer' (7#1) [C:/Users/Justin/Documents/4th School Year/Fall 2016 Semester/EE178/Vivado Projects/EE178_Lab_6/EE178_Lab_6.runs/synth_1/.Xil/Vivado-1140-AwesomeSauce/realtime/framebuffer_stub.v:6]
INFO: [Synth 8-226] default block is never used [C:/Users/Justin/Documents/4th School Year/Fall 2016 Semester/EE178/Vivado Projects/EE178_Lab_6/EE178_Lab_6.srcs/sources_1/imports/Lab #6 Files/vga_example.v:187]
INFO: [Synth 8-226] default block is never used [C:/Users/Justin/Documents/4th School Year/Fall 2016 Semester/EE178/Vivado Projects/EE178_Lab_6/EE178_Lab_6.srcs/sources_1/imports/Lab #6 Files/vga_example.v:285]
INFO: [Synth 8-155] case statement is not full and has no default [C:/Users/Justin/Documents/4th School Year/Fall 2016 Semester/EE178/Vivado Projects/EE178_Lab_6/EE178_Lab_6.srcs/sources_1/imports/Lab #6 Files/vga_example.v:304]
INFO: [Synth 8-638] synthesizing module 'linedraw' [C:/Users/Justin/Documents/4th School Year/Fall 2016 Semester/EE178/Vivado Projects/EE178_Lab_6/EE178_Lab_6.srcs/sources_1/imports/Lab #6 Files/linedraw.v:13]
	Parameter idle bound to: 2'b00 
	Parameter run bound to: 2'b01 
	Parameter done bound to: 2'b10 
INFO: [Synth 8-256] done synthesizing module 'linedraw' (8#1) [C:/Users/Justin/Documents/4th School Year/Fall 2016 Semester/EE178/Vivado Projects/EE178_Lab_6/EE178_Lab_6.srcs/sources_1/imports/Lab #6 Files/linedraw.v:13]
INFO: [Synth 8-256] done synthesizing module 'vga_example' (9#1) [C:/Users/Justin/Documents/4th School Year/Fall 2016 Semester/EE178/Vivado Projects/EE178_Lab_6/EE178_Lab_6.srcs/sources_1/imports/Lab #6 Files/vga_example.v:13]
---------------------------------------------------------------------------------
Finished RTL Elaboration : Time (s): cpu = 00:00:05 ; elapsed = 00:00:08 . Memory (MB): peak = 312.094 ; gain = 104.949
---------------------------------------------------------------------------------

Report Check Netlist: 
+------+------------------+-------+---------+-------+------------------+
|      |Item              |Errors |Warnings |Status |Description       |
+------+------------------+-------+---------+-------+------------------+
|1     |multi_driven_nets |      0|        0|Passed |Multi driven nets |
+------+------------------+-------+---------+-------+------------------+
---------------------------------------------------------------------------------
Finished RTL Optimization Phase 1 : Time (s): cpu = 00:00:05 ; elapsed = 00:00:08 . Memory (MB): peak = 312.094 ; gain = 104.949
---------------------------------------------------------------------------------
WARNING: [Project 1-486] Could not resolve non-primitive black box cell 'framebuffer' instantiated as 'my_framebuffer' [C:/Users/Justin/Documents/4th School Year/Fall 2016 Semester/EE178/Vivado Projects/EE178_Lab_6/EE178_Lab_6.srcs/sources_1/imports/Lab #6 Files/vga_example.v:142]
INFO: [Netlist 29-17] Analyzing 4 Unisim elements for replacement
INFO: [Netlist 29-28] Unisim Transformation completed in 0 CPU seconds
INFO: [Device 21-403] Loading part xc7a35tcpg236-1
INFO: [Project 1-570] Preparing netlist for logic optimization

Processing XDC Constraints
Initializing timing engine
Parsing XDC File [C:/Users/Justin/Documents/4th School Year/Fall 2016 Semester/EE178/Vivado Projects/EE178_Lab_6/EE178_Lab_6.runs/synth_1/.Xil/Vivado-1140-AwesomeSauce/dcp/framebuffer_in_context.xdc] for cell 'my_framebuffer'
Finished Parsing XDC File [C:/Users/Justin/Documents/4th School Year/Fall 2016 Semester/EE178/Vivado Projects/EE178_Lab_6/EE178_Lab_6.runs/synth_1/.Xil/Vivado-1140-AwesomeSauce/dcp/framebuffer_in_context.xdc] for cell 'my_framebuffer'
Parsing XDC File [C:/Users/Justin/Documents/4th School Year/Fall 2016 Semester/EE178/Vivado Projects/EE178_Lab_6/EE178_Lab_6.srcs/constrs_1/imports/Lab #6 Files/vga_example.xdc]
Finished Parsing XDC File [C:/Users/Justin/Documents/4th School Year/Fall 2016 Semester/EE178/Vivado Projects/EE178_Lab_6/EE178_Lab_6.srcs/constrs_1/imports/Lab #6 Files/vga_example.xdc]
INFO: [Project 1-236] Implementation specific constraints were found while reading constraint file [C:/Users/Justin/Documents/4th School Year/Fall 2016 Semester/EE178/Vivado Projects/EE178_Lab_6/EE178_Lab_6.srcs/constrs_1/imports/Lab #6 Files/vga_example.xdc]. These constraints will be ignored for synthesis but will be used in implementation. Impacted constraints are listed in the file [.Xil/vga_example_propImpl.xdc].
Resolution: To avoid this warning, move constraints listed in [.Xil/vga_example_propImpl.xdc] to another XDC file and exclude this new file from synthesis with the used_in_synthesis property (File Properties dialog in GUI) and re-run elaboration/synthesis.
INFO: [Timing 38-2] Deriving generated clocks
Completed Processing XDC Constraints

INFO: [Project 1-111] Unisim Transformation Summary:
  A total of 2 instances were transformed.
  BUFGCE => BUFGCTRL: 1 instances
  MMCME2_BASE => MMCME2_ADV: 1 instances

Constraint Validation Runtime : Time (s): cpu = 00:00:00 ; elapsed = 00:00:00.003 . Memory (MB): peak = 591.797 ; gain = 0.000
---------------------------------------------------------------------------------
Finished Constraint Validation : Time (s): cpu = 00:00:12 ; elapsed = 00:00:15 . Memory (MB): peak = 591.797 ; gain = 384.652
---------------------------------------------------------------------------------
---------------------------------------------------------------------------------
Start Loading Part and Timing Information
---------------------------------------------------------------------------------
Loading part: xc7a35tcpg236-1
---------------------------------------------------------------------------------
Finished Loading Part and Timing Information : Time (s): cpu = 00:00:12 ; elapsed = 00:00:15 . Memory (MB): peak = 591.797 ; gain = 384.652
---------------------------------------------------------------------------------
---------------------------------------------------------------------------------
Start Applying 'set_property' XDC Constraints
---------------------------------------------------------------------------------
---------------------------------------------------------------------------------
Finished applying 'set_property' XDC Constraints : Time (s): cpu = 00:00:12 ; elapsed = 00:00:15 . Memory (MB): peak = 591.797 ; gain = 384.652
---------------------------------------------------------------------------------
INFO: [Synth 8-5546] ROM "vcount" won't be mapped to RAM because it is too sparse
INFO: [Synth 8-5546] ROM "b" won't be mapped to RAM because it is too sparse
INFO: [Synth 8-5546] ROM "b" won't be mapped to RAM because it is too sparse
---------------------------------------------------------------------------------
Finished RTL Optimization Phase 2 : Time (s): cpu = 00:00:13 ; elapsed = 00:00:16 . Memory (MB): peak = 591.797 ; gain = 384.652
---------------------------------------------------------------------------------

Report RTL Partitions: 
+-+--------------+------------+----------+
| |RTL Partition |Replication |Instances |
+-+--------------+------------+----------+
+-+--------------+------------+----------+
---------------------------------------------------------------------------------
Start RTL Component Statistics 
---------------------------------------------------------------------------------
Detailed RTL Component Info : 
+---Adders : 
	   2 Input     11 Bit       Adders := 4     
	   2 Input      9 Bit       Adders := 1     
	   3 Input      9 Bit       Adders := 1     
	   3 Input      8 Bit       Adders := 2     
	   2 Input      8 Bit       Adders := 4     
	   2 Input      4 Bit       Adders := 2     
+---XORs : 
	   2 Input      1 Bit         XORs := 1     
+---Registers : 
	               17 Bit    Registers := 1     
	               11 Bit    Registers := 4     
	                9 Bit    Registers := 1     
	                8 Bit    Registers := 7     
	                4 Bit    Registers := 4     
	                2 Bit    Registers := 2     
	                1 Bit    Registers := 11    
+---Muxes : 
	   2 Input     11 Bit        Muxes := 2     
	   2 Input      9 Bit        Muxes := 1     
	   2 Input      8 Bit        Muxes := 6     
	   4 Input      8 Bit        Muxes := 1     
	   2 Input      4 Bit        Muxes := 18    
	   3 Input      4 Bit        Muxes := 2     
	   2 Input      2 Bit        Muxes := 2     
	   5 Input      2 Bit        Muxes := 1     
	   3 Input      2 Bit        Muxes := 1     
	   2 Input      1 Bit        Muxes := 11    
	   7 Input      1 Bit        Muxes := 6     
---------------------------------------------------------------------------------
Finished RTL Component Statistics 
---------------------------------------------------------------------------------
---------------------------------------------------------------------------------
Start RTL Hierarchical Component Statistics 
---------------------------------------------------------------------------------
Hierarchical RTL Component report 
Module vga_example 
Detailed RTL Component Info : 
+---Adders : 
	   2 Input     11 Bit       Adders := 2     
	   2 Input      4 Bit       Adders := 2     
+---XORs : 
	   2 Input      1 Bit         XORs := 1     
+---Registers : 
	               17 Bit    Registers := 1     
	               11 Bit    Registers := 2     
	                8 Bit    Registers := 5     
	                4 Bit    Registers := 4     
	                2 Bit    Registers := 1     
	                1 Bit    Registers := 11    
+---Muxes : 
	   4 Input      8 Bit        Muxes := 1     
	   2 Input      4 Bit        Muxes := 18    
	   3 Input      4 Bit        Muxes := 2     
	   3 Input      2 Bit        Muxes := 1     
	   2 Input      1 Bit        Muxes := 6     
	   7 Input      1 Bit        Muxes := 6     
Module vga_timing 
Detailed RTL Component Info : 
+---Adders : 
	   2 Input     11 Bit       Adders := 2     
+---Registers : 
	               11 Bit    Registers := 2     
+---Muxes : 
	   2 Input     11 Bit        Muxes := 2     
	   2 Input      1 Bit        Muxes := 2     
Module linedraw 
Detailed RTL Component Info : 
+---Adders : 
	   2 Input      9 Bit       Adders := 1     
	   3 Input      9 Bit       Adders := 1     
	   3 Input      8 Bit       Adders := 2     
	   2 Input      8 Bit       Adders := 4     
+---Registers : 
	                9 Bit    Registers := 1     
	                8 Bit    Registers := 2     
	                2 Bit    Registers := 1     
+---Muxes : 
	   2 Input      9 Bit        Muxes := 1     
	   2 Input      8 Bit        Muxes := 6     
	   2 Input      2 Bit        Muxes := 2     
	   5 Input      2 Bit        Muxes := 1     
	   2 Input      1 Bit        Muxes := 3     
---------------------------------------------------------------------------------
Finished RTL Hierarchical Component Statistics
---------------------------------------------------------------------------------
---------------------------------------------------------------------------------
Start Part Resource Summary
---------------------------------------------------------------------------------
Part Resources:
DSPs: 90 (col length:60)
BRAMs: 100 (col length: RAMB18 60 RAMB36 30)
---------------------------------------------------------------------------------
Finished Part Resource Summary
---------------------------------------------------------------------------------
Start Parallel Synthesis Optimization  : Time (s): cpu = 00:00:13 ; elapsed = 00:00:16 . Memory (MB): peak = 591.797 ; gain = 384.652
---------------------------------------------------------------------------------
Start Cross Boundary Optimization
---------------------------------------------------------------------------------
INFO: [Synth 8-5546] ROM "my_timing/vcount" won't be mapped to RAM because it is too sparse
INFO: [Synth 8-5546] ROM "b" won't be mapped to RAM because it is too sparse
---------------------------------------------------------------------------------
Finished Cross Boundary Optimization : Time (s): cpu = 00:00:13 ; elapsed = 00:00:16 . Memory (MB): peak = 591.797 ; gain = 384.652
---------------------------------------------------------------------------------
Finished Parallel Reinference  : Time (s): cpu = 00:00:13 ; elapsed = 00:00:16 . Memory (MB): peak = 591.797 ; gain = 384.652

Report RTL Partitions: 
+-+--------------+------------+----------+
| |RTL Partition |Replication |Instances |
+-+--------------+------------+----------+
+-+--------------+------------+----------+
---------------------------------------------------------------------------------
Start Area Optimization
---------------------------------------------------------------------------------
INFO: [Synth 8-3886] merging instance 'framebuffer_pixelpair_out_sel_reg' (FD) to 'hcount_delayed_reg[0]'
WARNING: [Synth 8-3332] Sequential element (my_linedraw/err_reg[8]) is unused and will be removed from module vga_example.
WARNING: [Synth 8-3332] Sequential element (framebuffer_pixelpair_out_sel_reg) is unused and will be removed from module vga_example.
---------------------------------------------------------------------------------
Finished Area Optimization : Time (s): cpu = 00:00:15 ; elapsed = 00:00:18 . Memory (MB): peak = 591.797 ; gain = 384.652
---------------------------------------------------------------------------------
Finished Parallel Area Optimization  : Time (s): cpu = 00:00:15 ; elapsed = 00:00:18 . Memory (MB): peak = 591.797 ; gain = 384.652

Report RTL Partitions: 
+-+--------------+------------+----------+
| |RTL Partition |Replication |Instances |
+-+--------------+------------+----------+
+-+--------------+------------+----------+
---------------------------------------------------------------------------------
Start Timing Optimization
---------------------------------------------------------------------------------
---------------------------------------------------------------------------------
Start Applying XDC Timing Constraints
---------------------------------------------------------------------------------
---------------------------------------------------------------------------------
Finished Applying XDC Timing Constraints : Time (s): cpu = 00:00:23 ; elapsed = 00:00:27 . Memory (MB): peak = 591.797 ; gain = 384.652
---------------------------------------------------------------------------------
---------------------------------------------------------------------------------
Finished Timing Optimization : Time (s): cpu = 00:00:24 ; elapsed = 00:00:28 . Memory (MB): peak = 611.281 ; gain = 404.137
---------------------------------------------------------------------------------

Report RTL Partitions: 
+-+--------------+------------+----------+
| |RTL Partition |Replication |Instances |
+-+--------------+------------+----------+
+-+--------------+------------+----------+
---------------------------------------------------------------------------------
Start Technology Mapping
---------------------------------------------------------------------------------
---------------------------------------------------------------------------------
Finished Technology Mapping : Time (s): cpu = 00:00:24 ; elapsed = 00:00:28 . Memory (MB): peak = 611.281 ; gain = 404.137
---------------------------------------------------------------------------------
Finished Parallel Technology Mapping Optimization  : Time (s): cpu = 00:00:24 ; elapsed = 00:00:28 . Memory (MB): peak = 611.281 ; gain = 404.137

Report RTL Partitions: 
+-+--------------+------------+----------+
| |RTL Partition |Replication |Instances |
+-+--------------+------------+----------+
+-+--------------+------------+----------+
Finished Parallel Synthesis Optimization  : Time (s): cpu = 00:00:24 ; elapsed = 00:00:28 . Memory (MB): peak = 611.281 ; gain = 404.137
---------------------------------------------------------------------------------
Start IO Insertion
---------------------------------------------------------------------------------
---------------------------------------------------------------------------------
Start Flattening Before IO Insertion
---------------------------------------------------------------------------------
---------------------------------------------------------------------------------
Finished Flattening Before IO Insertion
---------------------------------------------------------------------------------
---------------------------------------------------------------------------------
Start Final Netlist Cleanup
---------------------------------------------------------------------------------
---------------------------------------------------------------------------------
Finished Final Netlist Cleanup
---------------------------------------------------------------------------------
---------------------------------------------------------------------------------
Finished IO Insertion : Time (s): cpu = 00:00:25 ; elapsed = 00:00:28 . Memory (MB): peak = 611.281 ; gain = 404.137
---------------------------------------------------------------------------------

Report Check Netlist: 
+------+------------------+-------+---------+-------+------------------+
|      |Item              |Errors |Warnings |Status |Description       |
+------+------------------+-------+---------+-------+------------------+
|1     |multi_driven_nets |      0|        0|Passed |Multi driven nets |
+------+------------------+-------+---------+-------+------------------+
---------------------------------------------------------------------------------
Start Renaming Generated Instances
---------------------------------------------------------------------------------
---------------------------------------------------------------------------------
Finished Renaming Generated Instances : Time (s): cpu = 00:00:25 ; elapsed = 00:00:28 . Memory (MB): peak = 611.281 ; gain = 404.137
---------------------------------------------------------------------------------

Report RTL Partitions: 
+-+--------------+------------+----------+
| |RTL Partition |Replication |Instances |
+-+--------------+------------+----------+
+-+--------------+------------+----------+
---------------------------------------------------------------------------------
Start Rebuilding User Hierarchy
---------------------------------------------------------------------------------
---------------------------------------------------------------------------------
Finished Rebuilding User Hierarchy : Time (s): cpu = 00:00:25 ; elapsed = 00:00:28 . Memory (MB): peak = 611.281 ; gain = 404.137
---------------------------------------------------------------------------------
---------------------------------------------------------------------------------
Start Renaming Generated Ports
---------------------------------------------------------------------------------
---------------------------------------------------------------------------------
Finished Renaming Generated Ports : Time (s): cpu = 00:00:25 ; elapsed = 00:00:28 . Memory (MB): peak = 611.281 ; gain = 404.137
---------------------------------------------------------------------------------
---------------------------------------------------------------------------------
Start Handling Custom Attributes
---------------------------------------------------------------------------------
---------------------------------------------------------------------------------
Finished Handling Custom Attributes : Time (s): cpu = 00:00:25 ; elapsed = 00:00:28 . Memory (MB): peak = 611.281 ; gain = 404.137
---------------------------------------------------------------------------------
---------------------------------------------------------------------------------
Start Renaming Generated Nets
---------------------------------------------------------------------------------
---------------------------------------------------------------------------------
Finished Renaming Generated Nets : Time (s): cpu = 00:00:25 ; elapsed = 00:00:28 . Memory (MB): peak = 611.281 ; gain = 404.137
---------------------------------------------------------------------------------
---------------------------------------------------------------------------------
Start ROM, RAM, DSP and Shift Register Reporting
---------------------------------------------------------------------------------

Static Shift Register Report:
+------------+--------------+--------+-------+--------------+--------------------+-------------------+--------+---------+
|Module Name | RTL Name     | Length | Width | Reset Signal | Pull out first Reg | Pull out last Reg | SRL16E | SRLC32E | 
+------------+--------------+--------+-------+--------------+--------------------+-------------------+--------+---------+
|vga_example | prng_reg[17] | 3      | 1     | NO           | NO                 | YES               | 1      | 0       | 
|vga_example | prng_reg[14] | 6      | 1     | NO           | NO                 | YES               | 1      | 0       | 
+------------+--------------+--------+-------+--------------+--------------------+-------------------+--------+---------+

---------------------------------------------------------------------------------
Finished ROM, RAM, DSP and Shift Register Reporting
---------------------------------------------------------------------------------
---------------------------------------------------------------------------------
Start Writing Synthesis Report
---------------------------------------------------------------------------------

Report BlackBoxes: 
+------+--------------+----------+
|      |BlackBox name |Instances |
+------+--------------+----------+
|1     |framebuffer   |         1|
+------+--------------+----------+

Report Cell Usage: 
+------+------------+------+
|      |Cell        |Count |
+------+------------+------+
|1     |framebuffer |     1|
|2     |BUFGCE      |     1|
|3     |BUFH        |     1|
|4     |CARRY4      |    16|
|5     |LUT1        |     7|
|6     |LUT2        |    49|
|7     |LUT3        |    22|
|8     |LUT4        |    66|
|9     |LUT5        |    39|
|10    |LUT6        |    81|
|11    |MMCME2_BASE |     1|
|12    |MUXF7       |     2|
|13    |ODDR        |     1|
|14    |SRL16E      |     2|
|15    |FDRE        |   148|
|16    |IBUF        |    13|
|17    |OBUF        |    24|
+------+------------+------+

Report Instance Areas: 
+------+--------------+-----------+------+
|      |Instance      |Module     |Cells |
+------+--------------+-----------+------+
|1     |top           |           |   485|
|2     |  my_linedraw |linedraw   |   180|
|3     |  my_timing   |vga_timing |    85|
+------+--------------+-----------+------+
---------------------------------------------------------------------------------
Finished Writing Synthesis Report : Time (s): cpu = 00:00:25 ; elapsed = 00:00:28 . Memory (MB): peak = 611.281 ; gain = 404.137
---------------------------------------------------------------------------------
Synthesis finished with 0 errors, 0 critical warnings and 2 warnings.
Synthesis Optimization Runtime : Time (s): cpu = 00:00:16 ; elapsed = 00:00:20 . Memory (MB): peak = 611.281 ; gain = 124.434
Synthesis Optimization Complete : Time (s): cpu = 00:00:25 ; elapsed = 00:00:29 . Memory (MB): peak = 611.281 ; gain = 404.137
INFO: [Project 1-571] Translating synthesized netlist
INFO: [Netlist 29-17] Analyzing 32 Unisim elements for replacement
INFO: [Netlist 29-28] Unisim Transformation completed in 0 CPU seconds
INFO: [Project 1-570] Preparing netlist for logic optimization
INFO: [Opt 31-138] Pushed 0 inverter(s) to 0 load pin(s).
INFO: [Project 1-111] Unisim Transformation Summary:
  A total of 2 instances were transformed.
  BUFGCE => BUFGCTRL: 1 instances
  MMCME2_BASE => MMCME2_ADV: 1 instances

INFO: [Common 17-83] Releasing license: Synthesis
44 Infos, 3 Warnings, 0 Critical Warnings and 0 Errors encountered.
synth_design completed successfully
synth_design: Time (s): cpu = 00:00:25 ; elapsed = 00:00:26 . Memory (MB): peak = 611.281 ; gain = 404.137
report_utilization: Time (s): cpu = 00:00:00 ; elapsed = 00:00:00.012 . Memory (MB): peak = 611.281 ; gain = 0.000
INFO: [Common 17-206] Exiting Vivado at Tue Nov 08 16:21:06 2016...
