
*** Running vivado
    with args -log tutorial.vds -m64 -mode batch -messageDb vivado.pb -notrace -source tutorial.tcl


****** Vivado v2016.2 (64-bit)
  **** SW Build 1577090 on Thu Jun  2 16:32:40 MDT 2016
  **** IP Build 1577682 on Fri Jun  3 12:00:54 MDT 2016
    ** Copyright 1986-2016 Xilinx, Inc. All Rights Reserved.

source tutorial.tcl -notrace
Command: synth_design -top tutorial -part xc7a35tcpg236-1
Starting synth_design
Attempting to get a license for feature 'Synthesis' and/or device 'xc7a35t'
INFO: [Common 17-349] Got license for feature 'Synthesis' and/or device 'xc7a35t'
INFO: Launching helper process for spawning children vivado processes
INFO: Helper process launched with PID 5420 
---------------------------------------------------------------------------------
Starting RTL Elaboration : Time (s): cpu = 00:00:04 ; elapsed = 00:00:06 . Memory (MB): peak = 273.426 ; gain = 66.379
---------------------------------------------------------------------------------
INFO: [Synth 8-638] synthesizing module 'tutorial' [C:/Users/Justin/Documents/4th School Year/Fall 2016 Semester/EE178/Vivado Projects/EE178 Lab #7/EE178 Lab #7.srcs/sources_1/imports/ee178_fall2016_lab7/tutorial.v:13]
INFO: [Synth 8-638] synthesizing module 'kcpsm6' [C:/Users/Justin/Documents/4th School Year/Fall 2016 Semester/EE178/Vivado Projects/EE178 Lab #7/EE178 Lab #7.srcs/sources_1/imports/ee178_fall2016_lab7/kcpsm6.v:67]
	Parameter hwbuild bound to: 8'b00000000 
	Parameter interrupt_vector bound to: 12'b011111111111 
	Parameter scratch_pad_memory_size bound to: 256 - type: integer 
INFO: [Synth 8-638] synthesizing module 'LUT6_2' [F:/Xilinx/Vivado/2016.2/scripts/rt/data/unisim_comp.v:20332]
	Parameter INIT bound to: 64'b1111111100000000111100001111000011001100110011001010101010101010 
INFO: [Synth 8-256] done synthesizing module 'LUT6_2' (1#1) [F:/Xilinx/Vivado/2016.2/scripts/rt/data/unisim_comp.v:20332]
INFO: [Synth 8-638] synthesizing module 'LUT6' [F:/Xilinx/Vivado/2016.2/scripts/rt/data/unisim_comp.v:20316]
	Parameter INIT bound to: 64'b0000000010101010000000001111111100110011110011000000111100000000 
INFO: [Synth 8-256] done synthesizing module 'LUT6' (2#1) [F:/Xilinx/Vivado/2016.2/scripts/rt/data/unisim_comp.v:20316]
INFO: [Synth 8-638] synthesizing module 'XORCY' [F:/Xilinx/Vivado/2016.2/scripts/rt/data/unisim_comp.v:44873]
INFO: [Synth 8-256] done synthesizing module 'XORCY' (3#1) [F:/Xilinx/Vivado/2016.2/scripts/rt/data/unisim_comp.v:44873]
INFO: [Synth 8-638] synthesizing module 'MUXCY' [F:/Xilinx/Vivado/2016.2/scripts/rt/data/unisim_comp.v:21250]
INFO: [Synth 8-256] done synthesizing module 'MUXCY' (4#1) [F:/Xilinx/Vivado/2016.2/scripts/rt/data/unisim_comp.v:21250]
INFO: [Synth 8-638] synthesizing module 'FD' [F:/Xilinx/Vivado/2016.2/scripts/rt/data/unisim_comp.v:3724]
	Parameter INIT bound to: 1'b0 
INFO: [Synth 8-256] done synthesizing module 'FD' (5#1) [F:/Xilinx/Vivado/2016.2/scripts/rt/data/unisim_comp.v:3724]
INFO: [Synth 8-638] synthesizing module 'FDRE' [F:/Xilinx/Vivado/2016.2/scripts/rt/data/unisim_comp.v:3965]
	Parameter INIT bound to: 1'b0 
	Parameter IS_C_INVERTED bound to: 1'b0 
	Parameter IS_D_INVERTED bound to: 1'b0 
	Parameter IS_R_INVERTED bound to: 1'b0 
INFO: [Synth 8-256] done synthesizing module 'FDRE' (6#1) [F:/Xilinx/Vivado/2016.2/scripts/rt/data/unisim_comp.v:3965]
INFO: [Synth 8-638] synthesizing module 'LUT6__parameterized0' [F:/Xilinx/Vivado/2016.2/scripts/rt/data/unisim_comp.v:20316]
	Parameter INIT bound to: 64'b0000000010101010000000001111111111001100110011001111000000000000 
INFO: [Synth 8-256] done synthesizing module 'LUT6__parameterized0' (6#1) [F:/Xilinx/Vivado/2016.2/scripts/rt/data/unisim_comp.v:20316]
INFO: [Synth 8-638] synthesizing module 'LUT6__parameterized1' [F:/Xilinx/Vivado/2016.2/scripts/rt/data/unisim_comp.v:20316]
	Parameter INIT bound to: 64'b0000000010101010000000001111111111001100110011001111000000000000 
INFO: [Synth 8-256] done synthesizing module 'LUT6__parameterized1' (6#1) [F:/Xilinx/Vivado/2016.2/scripts/rt/data/unisim_comp.v:20316]
INFO: [Synth 8-638] synthesizing module 'LUT6__parameterized2' [F:/Xilinx/Vivado/2016.2/scripts/rt/data/unisim_comp.v:20316]
	Parameter INIT bound to: 64'b0000000010101010000000001111111111001100110011001111000000000000 
INFO: [Synth 8-256] done synthesizing module 'LUT6__parameterized2' (6#1) [F:/Xilinx/Vivado/2016.2/scripts/rt/data/unisim_comp.v:20316]
INFO: [Synth 8-638] synthesizing module 'LUT6__parameterized3' [F:/Xilinx/Vivado/2016.2/scripts/rt/data/unisim_comp.v:20316]
	Parameter INIT bound to: 64'b0000000010101010000000001111111111001100110011001111000000000000 
INFO: [Synth 8-256] done synthesizing module 'LUT6__parameterized3' (6#1) [F:/Xilinx/Vivado/2016.2/scripts/rt/data/unisim_comp.v:20316]
INFO: [Synth 8-638] synthesizing module 'LUT6__parameterized4' [F:/Xilinx/Vivado/2016.2/scripts/rt/data/unisim_comp.v:20316]
	Parameter INIT bound to: 64'b0000000010101010000000001111111111001100110011001111000000000000 
INFO: [Synth 8-256] done synthesizing module 'LUT6__parameterized4' (6#1) [F:/Xilinx/Vivado/2016.2/scripts/rt/data/unisim_comp.v:20316]
INFO: [Synth 8-638] synthesizing module 'LUT6__parameterized5' [F:/Xilinx/Vivado/2016.2/scripts/rt/data/unisim_comp.v:20316]
	Parameter INIT bound to: 64'b0000000010101010000000001111111111001100110011001111000000000000 
INFO: [Synth 8-256] done synthesizing module 'LUT6__parameterized5' (6#1) [F:/Xilinx/Vivado/2016.2/scripts/rt/data/unisim_comp.v:20316]
INFO: [Synth 8-638] synthesizing module 'LUT6__parameterized6' [F:/Xilinx/Vivado/2016.2/scripts/rt/data/unisim_comp.v:20316]
	Parameter INIT bound to: 64'b0000000010101010000000001111111111001100110011001111000000000000 
INFO: [Synth 8-256] done synthesizing module 'LUT6__parameterized6' (6#1) [F:/Xilinx/Vivado/2016.2/scripts/rt/data/unisim_comp.v:20316]
INFO: [Synth 8-638] synthesizing module 'LUT6__parameterized7' [F:/Xilinx/Vivado/2016.2/scripts/rt/data/unisim_comp.v:20316]
	Parameter INIT bound to: 64'b0000000010101010000000001111111111001100110011001111000000000000 
INFO: [Synth 8-256] done synthesizing module 'LUT6__parameterized7' (6#1) [F:/Xilinx/Vivado/2016.2/scripts/rt/data/unisim_comp.v:20316]
INFO: [Synth 8-638] synthesizing module 'LUT6__parameterized8' [F:/Xilinx/Vivado/2016.2/scripts/rt/data/unisim_comp.v:20316]
	Parameter INIT bound to: 64'b0000000010101010000000001111111111001100110011001111000000000000 
INFO: [Synth 8-256] done synthesizing module 'LUT6__parameterized8' (6#1) [F:/Xilinx/Vivado/2016.2/scripts/rt/data/unisim_comp.v:20316]
INFO: [Synth 8-638] synthesizing module 'LUT6__parameterized9' [F:/Xilinx/Vivado/2016.2/scripts/rt/data/unisim_comp.v:20316]
	Parameter INIT bound to: 64'b0000000010101010000000001111111111001100110011001111000000000000 
INFO: [Synth 8-256] done synthesizing module 'LUT6__parameterized9' (6#1) [F:/Xilinx/Vivado/2016.2/scripts/rt/data/unisim_comp.v:20316]
INFO: [Synth 8-638] synthesizing module 'LUT6__parameterized10' [F:/Xilinx/Vivado/2016.2/scripts/rt/data/unisim_comp.v:20316]
	Parameter INIT bound to: 64'b0000000010101010000000000000000011001100110011001111000000000000 
INFO: [Synth 8-256] done synthesizing module 'LUT6__parameterized10' (6#1) [F:/Xilinx/Vivado/2016.2/scripts/rt/data/unisim_comp.v:20316]
INFO: [Synth 8-638] synthesizing module 'FDR' [F:/Xilinx/Vivado/2016.2/scripts/rt/data/unisim_comp.v:3952]
	Parameter INIT bound to: 1'b0 
INFO: [Synth 8-256] done synthesizing module 'FDR' (7#1) [F:/Xilinx/Vivado/2016.2/scripts/rt/data/unisim_comp.v:3952]
INFO: [Synth 8-638] synthesizing module 'LUT6_2__parameterized0' [F:/Xilinx/Vivado/2016.2/scripts/rt/data/unisim_comp.v:20332]
	Parameter INIT bound to: 64'b0000000000010101001010011010101010101010101010101010101010101010 
INFO: [Synth 8-256] done synthesizing module 'LUT6_2__parameterized0' (7#1) [F:/Xilinx/Vivado/2016.2/scripts/rt/data/unisim_comp.v:20332]
INFO: [Synth 8-638] synthesizing module 'LUT6_2__parameterized1' [F:/Xilinx/Vivado/2016.2/scripts/rt/data/unisim_comp.v:20332]
	Parameter INIT bound to: 64'b0000000000101010001001010010101010101010101010101010101010101010 
INFO: [Synth 8-256] done synthesizing module 'LUT6_2__parameterized1' (7#1) [F:/Xilinx/Vivado/2016.2/scripts/rt/data/unisim_comp.v:20332]
INFO: [Synth 8-638] synthesizing module 'LUT6_2__parameterized2' [F:/Xilinx/Vivado/2016.2/scripts/rt/data/unisim_comp.v:20332]
	Parameter INIT bound to: 64'b0000000000101010001001010010101010101010101010101010101010101010 
INFO: [Synth 8-256] done synthesizing module 'LUT6_2__parameterized2' (7#1) [F:/Xilinx/Vivado/2016.2/scripts/rt/data/unisim_comp.v:20332]
INFO: [Synth 8-638] synthesizing module 'LUT6_2__parameterized3' [F:/Xilinx/Vivado/2016.2/scripts/rt/data/unisim_comp.v:20332]
	Parameter INIT bound to: 64'b0000000000101010001001010010101010101010101010101010101010101010 
INFO: [Synth 8-256] done synthesizing module 'LUT6_2__parameterized3' (7#1) [F:/Xilinx/Vivado/2016.2/scripts/rt/data/unisim_comp.v:20332]
INFO: [Synth 8-638] synthesizing module 'LUT6_2__parameterized4' [F:/Xilinx/Vivado/2016.2/scripts/rt/data/unisim_comp.v:20332]
	Parameter INIT bound to: 64'b0000000000101010001001010010101010101010101010101010101010101010 
INFO: [Synth 8-256] done synthesizing module 'LUT6_2__parameterized4' (7#1) [F:/Xilinx/Vivado/2016.2/scripts/rt/data/unisim_comp.v:20332]
INFO: [Synth 8-638] synthesizing module 'LUT6__parameterized11' [F:/Xilinx/Vivado/2016.2/scripts/rt/data/unisim_comp.v:20316]
	Parameter INIT bound to: 64'b1011111110111100100011111000110010110011101100001000001110000000 
INFO: [Synth 8-256] done synthesizing module 'LUT6__parameterized11' (7#1) [F:/Xilinx/Vivado/2016.2/scripts/rt/data/unisim_comp.v:20316]
INFO: [Synth 8-638] synthesizing module 'RAM256X1S' [F:/Xilinx/Vivado/2016.2/scripts/rt/data/unisim_comp.v:36713]
	Parameter INIT bound to: 256'b0000000000000000000000000000000000000000000000000000000000000000000000000000000000000000000000000000000000000000000000000000000000000000000000000000000000000000000000000000000000000000000000000000000000000000000000000000000000000000000000000000000000000000 
	Parameter IS_WCLK_INVERTED bound to: 1'b0 
INFO: [Synth 8-256] done synthesizing module 'RAM256X1S' (8#1) [F:/Xilinx/Vivado/2016.2/scripts/rt/data/unisim_comp.v:36713]
INFO: [Synth 8-638] synthesizing module 'LUT6_2__parameterized5' [F:/Xilinx/Vivado/2016.2/scripts/rt/data/unisim_comp.v:20332]
	Parameter INIT bound to: 64'b0110100101101001011011101000101011001100110011000000000000000000 
INFO: [Synth 8-256] done synthesizing module 'LUT6_2__parameterized5' (8#1) [F:/Xilinx/Vivado/2016.2/scripts/rt/data/unisim_comp.v:20332]
INFO: [Synth 8-638] synthesizing module 'LUT6__parameterized12' [F:/Xilinx/Vivado/2016.2/scripts/rt/data/unisim_comp.v:20316]
	Parameter INIT bound to: 64'b1111111100000000111100001111000011001100110011001010101010101010 
INFO: [Synth 8-256] done synthesizing module 'LUT6__parameterized12' (8#1) [F:/Xilinx/Vivado/2016.2/scripts/rt/data/unisim_comp.v:20316]
INFO: [Synth 8-638] synthesizing module 'LUT6_2__parameterized6' [F:/Xilinx/Vivado/2016.2/scripts/rt/data/unisim_comp.v:20332]
	Parameter INIT bound to: 64'b0110100101101001011011101000101011001100110011000000000000000000 
INFO: [Synth 8-256] done synthesizing module 'LUT6_2__parameterized6' (8#1) [F:/Xilinx/Vivado/2016.2/scripts/rt/data/unisim_comp.v:20332]
INFO: [Synth 8-638] synthesizing module 'LUT6__parameterized13' [F:/Xilinx/Vivado/2016.2/scripts/rt/data/unisim_comp.v:20316]
	Parameter INIT bound to: 64'b1111111100000000111100001111000011001100110011001010101010101010 
INFO: [Synth 8-256] done synthesizing module 'LUT6__parameterized13' (8#1) [F:/Xilinx/Vivado/2016.2/scripts/rt/data/unisim_comp.v:20316]
INFO: [Synth 8-638] synthesizing module 'LUT6_2__parameterized7' [F:/Xilinx/Vivado/2016.2/scripts/rt/data/unisim_comp.v:20332]
	Parameter INIT bound to: 64'b0110100101101001011011101000101011001100110011000000000000000000 
INFO: [Synth 8-256] done synthesizing module 'LUT6_2__parameterized7' (8#1) [F:/Xilinx/Vivado/2016.2/scripts/rt/data/unisim_comp.v:20332]
INFO: [Synth 8-638] synthesizing module 'LUT6__parameterized14' [F:/Xilinx/Vivado/2016.2/scripts/rt/data/unisim_comp.v:20316]
	Parameter INIT bound to: 64'b1111111100000000111100001111000011001100110011001010101010101010 
INFO: [Synth 8-256] done synthesizing module 'LUT6__parameterized14' (8#1) [F:/Xilinx/Vivado/2016.2/scripts/rt/data/unisim_comp.v:20316]
INFO: [Synth 8-638] synthesizing module 'LUT6_2__parameterized8' [F:/Xilinx/Vivado/2016.2/scripts/rt/data/unisim_comp.v:20332]
	Parameter INIT bound to: 64'b0110100101101001011011101000101011001100110011000000000000000000 
INFO: [Synth 8-256] done synthesizing module 'LUT6_2__parameterized8' (8#1) [F:/Xilinx/Vivado/2016.2/scripts/rt/data/unisim_comp.v:20332]
INFO: [Synth 8-638] synthesizing module 'LUT6__parameterized15' [F:/Xilinx/Vivado/2016.2/scripts/rt/data/unisim_comp.v:20316]
	Parameter INIT bound to: 64'b1111111100000000111100001111000011001100110011001010101010101010 
INFO: [Synth 8-256] done synthesizing module 'LUT6__parameterized15' (8#1) [F:/Xilinx/Vivado/2016.2/scripts/rt/data/unisim_comp.v:20316]
INFO: [Synth 8-638] synthesizing module 'LUT6_2__parameterized9' [F:/Xilinx/Vivado/2016.2/scripts/rt/data/unisim_comp.v:20332]
	Parameter INIT bound to: 64'b0110100101101001011011101000101011001100110011000000000000000000 
INFO: [Synth 8-256] done synthesizing module 'LUT6_2__parameterized9' (8#1) [F:/Xilinx/Vivado/2016.2/scripts/rt/data/unisim_comp.v:20332]
INFO: [Synth 8-638] synthesizing module 'LUT6__parameterized16' [F:/Xilinx/Vivado/2016.2/scripts/rt/data/unisim_comp.v:20316]
	Parameter INIT bound to: 64'b1111111100000000111100001111000011001100110011001010101010101010 
INFO: [Synth 8-256] done synthesizing module 'LUT6__parameterized16' (8#1) [F:/Xilinx/Vivado/2016.2/scripts/rt/data/unisim_comp.v:20316]
INFO: [Synth 8-638] synthesizing module 'LUT6_2__parameterized10' [F:/Xilinx/Vivado/2016.2/scripts/rt/data/unisim_comp.v:20332]
	Parameter INIT bound to: 64'b0110100101101001011011101000101011001100110011000000000000000000 
INFO: [Synth 8-256] done synthesizing module 'LUT6_2__parameterized10' (8#1) [F:/Xilinx/Vivado/2016.2/scripts/rt/data/unisim_comp.v:20332]
INFO: [Synth 8-638] synthesizing module 'LUT6__parameterized17' [F:/Xilinx/Vivado/2016.2/scripts/rt/data/unisim_comp.v:20316]
	Parameter INIT bound to: 64'b1111111100000000111100001111000011001100110011001010101010101010 
INFO: [Synth 8-256] done synthesizing module 'LUT6__parameterized17' (8#1) [F:/Xilinx/Vivado/2016.2/scripts/rt/data/unisim_comp.v:20316]
INFO: [Synth 8-638] synthesizing module 'LUT6_2__parameterized11' [F:/Xilinx/Vivado/2016.2/scripts/rt/data/unisim_comp.v:20332]
	Parameter INIT bound to: 64'b0110100101101001011011101000101011001100110011000000000000000000 
INFO: [Synth 8-256] done synthesizing module 'LUT6_2__parameterized11' (8#1) [F:/Xilinx/Vivado/2016.2/scripts/rt/data/unisim_comp.v:20332]
INFO: [Synth 8-638] synthesizing module 'LUT6__parameterized18' [F:/Xilinx/Vivado/2016.2/scripts/rt/data/unisim_comp.v:20316]
	Parameter INIT bound to: 64'b1111111100000000111100001111000011001100110011001010101010101010 
INFO: [Synth 8-256] done synthesizing module 'LUT6__parameterized18' (8#1) [F:/Xilinx/Vivado/2016.2/scripts/rt/data/unisim_comp.v:20316]
INFO: [Synth 8-638] synthesizing module 'LUT6_2__parameterized12' [F:/Xilinx/Vivado/2016.2/scripts/rt/data/unisim_comp.v:20332]
	Parameter INIT bound to: 64'b0110100101101001011011101000101011001100110011000000000000000000 
INFO: [Synth 8-256] done synthesizing module 'LUT6_2__parameterized12' (8#1) [F:/Xilinx/Vivado/2016.2/scripts/rt/data/unisim_comp.v:20332]
INFO: [Synth 8-638] synthesizing module 'LUT6__parameterized19' [F:/Xilinx/Vivado/2016.2/scripts/rt/data/unisim_comp.v:20316]
	Parameter INIT bound to: 64'b1111111100000000111100001111000011001100110011001010101010101010 
INFO: [Synth 8-256] done synthesizing module 'LUT6__parameterized19' (8#1) [F:/Xilinx/Vivado/2016.2/scripts/rt/data/unisim_comp.v:20316]
INFO: [Synth 8-638] synthesizing module 'LUT6_2__parameterized13' [F:/Xilinx/Vivado/2016.2/scripts/rt/data/unisim_comp.v:20332]
	Parameter INIT bound to: 64'b1111111111111111111101010101010100000000000000000000111011101110 
INFO: [Synth 8-256] done synthesizing module 'LUT6_2__parameterized13' (8#1) [F:/Xilinx/Vivado/2016.2/scripts/rt/data/unisim_comp.v:20332]
INFO: [Synth 8-638] synthesizing module 'LUT6_2__parameterized14' [F:/Xilinx/Vivado/2016.2/scripts/rt/data/unisim_comp.v:20332]
	Parameter INIT bound to: 64'b0000000010000011000000000000101100000000110001000000000001001100 
INFO: [Synth 8-256] done synthesizing module 'LUT6_2__parameterized14' (8#1) [F:/Xilinx/Vivado/2016.2/scripts/rt/data/unisim_comp.v:20332]
INFO: [Synth 8-638] synthesizing module 'LUT6_2__parameterized15' [F:/Xilinx/Vivado/2016.2/scripts/rt/data/unisim_comp.v:20332]
	Parameter INIT bound to: 64'b0000000000010000000000000000000000000000000000000000100000000000 
INFO: [Synth 8-256] done synthesizing module 'LUT6_2__parameterized15' (8#1) [F:/Xilinx/Vivado/2016.2/scripts/rt/data/unisim_comp.v:20332]
INFO: [Synth 8-638] synthesizing module 'LUT6__parameterized20' [F:/Xilinx/Vivado/2016.2/scripts/rt/data/unisim_comp.v:20316]
	Parameter INIT bound to: 64'b0000000000000000000000000000000000000000000000001100101010101010 
INFO: [Synth 8-256] done synthesizing module 'LUT6__parameterized20' (8#1) [F:/Xilinx/Vivado/2016.2/scripts/rt/data/unisim_comp.v:20316]
INFO: [Synth 8-638] synthesizing module 'LUT6_2__parameterized16' [F:/Xilinx/Vivado/2016.2/scripts/rt/data/unisim_comp.v:20332]
	Parameter INIT bound to: 64'b1100110000110011111111110000000010000000100000001000000010000000 
INFO: [Synth 8-256] done synthesizing module 'LUT6_2__parameterized16' (8#1) [F:/Xilinx/Vivado/2016.2/scripts/rt/data/unisim_comp.v:20332]
INFO: [Synth 8-638] synthesizing module 'LUT6__parameterized21' [F:/Xilinx/Vivado/2016.2/scripts/rt/data/unisim_comp.v:20316]
	Parameter INIT bound to: 64'b0101101000111100111111111111111100000000000000000000000000000000 
INFO: [Synth 8-256] done synthesizing module 'LUT6__parameterized21' (8#1) [F:/Xilinx/Vivado/2016.2/scripts/rt/data/unisim_comp.v:20316]
INFO: [Synth 8-638] synthesizing module 'LUT6_2__parameterized17' [F:/Xilinx/Vivado/2016.2/scripts/rt/data/unisim_comp.v:20332]
	Parameter INIT bound to: 64'b0111011101110111000000100111011100000000000000000000001000000000 
INFO: [Synth 8-256] done synthesizing module 'LUT6_2__parameterized17' (8#1) [F:/Xilinx/Vivado/2016.2/scripts/rt/data/unisim_comp.v:20332]
INFO: [Synth 8-638] synthesizing module 'LUT6_2__parameterized18' [F:/Xilinx/Vivado/2016.2/scripts/rt/data/unisim_comp.v:20332]
	Parameter INIT bound to: 64'b0000000000000000111100000000000000000000000000000010001111111111 
INFO: [Synth 8-256] done synthesizing module 'LUT6_2__parameterized18' (8#1) [F:/Xilinx/Vivado/2016.2/scripts/rt/data/unisim_comp.v:20332]
INFO: [Synth 8-638] synthesizing module 'LUT6__parameterized22' [F:/Xilinx/Vivado/2016.2/scripts/rt/data/unisim_comp.v:20316]
	Parameter INIT bound to: 64'b1111111111111111111111111111111100000000000001000000000000000000 
INFO: [Synth 8-256] done synthesizing module 'LUT6__parameterized22' (8#1) [F:/Xilinx/Vivado/2016.2/scripts/rt/data/unisim_comp.v:20316]
INFO: [Synth 8-638] synthesizing module 'LUT6_2__parameterized19' [F:/Xilinx/Vivado/2016.2/scripts/rt/data/unisim_comp.v:20332]
	Parameter INIT bound to: 64'b1111111111111111000100000000000000000000000000000010000000000000 
INFO: [Synth 8-256] done synthesizing module 'LUT6_2__parameterized19' (8#1) [F:/Xilinx/Vivado/2016.2/scripts/rt/data/unisim_comp.v:20332]
INFO: [Synth 8-638] synthesizing module 'LUT6_2__parameterized20' [F:/Xilinx/Vivado/2016.2/scripts/rt/data/unisim_comp.v:20332]
	Parameter INIT bound to: 64'b0000001111001010000000000000000000000100001000000000000000000000 
INFO: [Synth 8-256] done synthesizing module 'LUT6_2__parameterized20' (8#1) [F:/Xilinx/Vivado/2016.2/scripts/rt/data/unisim_comp.v:20332]
INFO: [Synth 8-638] synthesizing module 'LUT6_2__parameterized21' [F:/Xilinx/Vivado/2016.2/scripts/rt/data/unisim_comp.v:20332]
	Parameter INIT bound to: 64'b0111011100001000000000000000000000000000000000000000111100000000 
INFO: [Synth 8-256] done synthesizing module 'LUT6_2__parameterized21' (8#1) [F:/Xilinx/Vivado/2016.2/scripts/rt/data/unisim_comp.v:20332]
INFO: [Synth 8-638] synthesizing module 'LUT6_2__parameterized22' [F:/Xilinx/Vivado/2016.2/scripts/rt/data/unisim_comp.v:20332]
	Parameter INIT bound to: 64'b1101000000000000000000000000000000000010000000000000000000000000 
INFO: [Synth 8-256] done synthesizing module 'LUT6_2__parameterized22' (8#1) [F:/Xilinx/Vivado/2016.2/scripts/rt/data/unisim_comp.v:20332]
INFO: [Synth 8-638] synthesizing module 'LUT6_2__parameterized23' [F:/Xilinx/Vivado/2016.2/scripts/rt/data/unisim_comp.v:20332]
	Parameter INIT bound to: 64'b0000000000000001001111110011111100000000000100001111011111001110 
INFO: [Synth 8-256] done synthesizing module 'LUT6_2__parameterized23' (8#1) [F:/Xilinx/Vivado/2016.2/scripts/rt/data/unisim_comp.v:20332]
INFO: [Synth 8-638] synthesizing module 'LUT6_2__parameterized24' [F:/Xilinx/Vivado/2016.2/scripts/rt/data/unisim_comp.v:20332]
	Parameter INIT bound to: 64'b1100000011001100000000000000000010100000101010100000000000000000 
INFO: [Synth 8-256] done synthesizing module 'LUT6_2__parameterized24' (8#1) [F:/Xilinx/Vivado/2016.2/scripts/rt/data/unisim_comp.v:20332]
INFO: [Synth 8-638] synthesizing module 'LUT6_2__parameterized25' [F:/Xilinx/Vivado/2016.2/scripts/rt/data/unisim_comp.v:20332]
	Parameter INIT bound to: 64'b1000000000000000000000000000000000100000000000000000000000000000 
INFO: [Synth 8-256] done synthesizing module 'LUT6_2__parameterized25' (8#1) [F:/Xilinx/Vivado/2016.2/scripts/rt/data/unisim_comp.v:20332]
INFO: [Synth 8-638] synthesizing module 'LUT6_2__parameterized26' [F:/Xilinx/Vivado/2016.2/scripts/rt/data/unisim_comp.v:20332]
	Parameter INIT bound to: 64'b0100000000000000000000000000000000000001000000000000000000000000 
INFO: [Synth 8-256] done synthesizing module 'LUT6_2__parameterized26' (8#1) [F:/Xilinx/Vivado/2016.2/scripts/rt/data/unisim_comp.v:20332]
INFO: [Synth 8-638] synthesizing module 'LUT6__parameterized23' [F:/Xilinx/Vivado/2016.2/scripts/rt/data/unisim_comp.v:20316]
	Parameter INIT bound to: 64'b0000000010000000000000100000000000000000000000000000000000000000 
INFO: [Synth 8-256] done synthesizing module 'LUT6__parameterized23' (8#1) [F:/Xilinx/Vivado/2016.2/scripts/rt/data/unisim_comp.v:20316]
INFO: [Synth 8-638] synthesizing module 'LUT6__parameterized24' [F:/Xilinx/Vivado/2016.2/scripts/rt/data/unisim_comp.v:20316]
	Parameter INIT bound to: 64'b1010110010101100111111110000000011111111000000001111111100000000 
INFO: [Synth 8-256] done synthesizing module 'LUT6__parameterized24' (8#1) [F:/Xilinx/Vivado/2016.2/scripts/rt/data/unisim_comp.v:20316]
INFO: [Synth 8-638] synthesizing module 'LUT6_2__parameterized27' [F:/Xilinx/Vivado/2016.2/scripts/rt/data/unisim_comp.v:20332]
	Parameter INIT bound to: 64'b0000000000000000000000000000000010000111011110000000000000000000 
INFO: [Synth 8-256] done synthesizing module 'LUT6_2__parameterized27' (8#1) [F:/Xilinx/Vivado/2016.2/scripts/rt/data/unisim_comp.v:20332]
INFO: [Synth 8-638] synthesizing module 'LUT6__parameterized25' [F:/Xilinx/Vivado/2016.2/scripts/rt/data/unisim_comp.v:20316]
	Parameter INIT bound to: 64'b0110100110010110100101100110100110010110011010010110100110010110 
INFO: [Synth 8-256] done synthesizing module 'LUT6__parameterized25' (8#1) [F:/Xilinx/Vivado/2016.2/scripts/rt/data/unisim_comp.v:20316]
INFO: [Synth 8-638] synthesizing module 'LUT6__parameterized26' [F:/Xilinx/Vivado/2016.2/scripts/rt/data/unisim_comp.v:20316]
	Parameter INIT bound to: 64'b1111111111111111101010101100110011110000111100001111000011110000 
INFO: [Synth 8-256] done synthesizing module 'LUT6__parameterized26' (8#1) [F:/Xilinx/Vivado/2016.2/scripts/rt/data/unisim_comp.v:20316]
INFO: [Synth 8-638] synthesizing module 'LUT6_2__parameterized28' [F:/Xilinx/Vivado/2016.2/scripts/rt/data/unisim_comp.v:20332]
	Parameter INIT bound to: 64'b0011001100110011101010101100110011110000101010100000000000000000 
INFO: [Synth 8-256] done synthesizing module 'LUT6_2__parameterized28' (8#1) [F:/Xilinx/Vivado/2016.2/scripts/rt/data/unisim_comp.v:20332]
INFO: [Synth 8-638] synthesizing module 'LUT6_2__parameterized29' [F:/Xilinx/Vivado/2016.2/scripts/rt/data/unisim_comp.v:20332]
	Parameter INIT bound to: 64'b1010001010000000000000000000000000000000111100000000000011110000 
INFO: [Synth 8-256] done synthesizing module 'LUT6_2__parameterized29' (8#1) [F:/Xilinx/Vivado/2016.2/scripts/rt/data/unisim_comp.v:20332]
INFO: [Synth 8-638] synthesizing module 'LUT6_2__parameterized30' [F:/Xilinx/Vivado/2016.2/scripts/rt/data/unisim_comp.v:20332]
	Parameter INIT bound to: 64'b0000000000000000000000000000000000000000000000000000000000000001 
INFO: [Synth 8-256] done synthesizing module 'LUT6_2__parameterized30' (8#1) [F:/Xilinx/Vivado/2016.2/scripts/rt/data/unisim_comp.v:20332]
INFO: [Synth 8-638] synthesizing module 'LUT6_2__parameterized31' [F:/Xilinx/Vivado/2016.2/scripts/rt/data/unisim_comp.v:20332]
	Parameter INIT bound to: 64'b0000000000000000000000000000110100000000000000000000000000000000 
INFO: [Synth 8-256] done synthesizing module 'LUT6_2__parameterized31' (8#1) [F:/Xilinx/Vivado/2016.2/scripts/rt/data/unisim_comp.v:20332]
INFO: [Synth 8-638] synthesizing module 'LUT6__parameterized27' [F:/Xilinx/Vivado/2016.2/scripts/rt/data/unisim_comp.v:20316]
	Parameter INIT bound to: 64'b1111101111111111000000000000000000000000000000000000000000000000 
INFO: [Synth 8-256] done synthesizing module 'LUT6__parameterized27' (8#1) [F:/Xilinx/Vivado/2016.2/scripts/rt/data/unisim_comp.v:20316]
INFO: [Synth 8-638] synthesizing module 'RAM32M' [F:/Xilinx/Vivado/2016.2/scripts/rt/data/unisim_comp.v:36731]
	Parameter INIT_A bound to: 64'b0000000000000000000000000000000000000000000000000000000000000000 
	Parameter INIT_B bound to: 64'b0000000000000000000000000000000000000000000000000000000000000000 
	Parameter INIT_C bound to: 64'b0000000000000000000000000000000000000000000000000000000000000000 
	Parameter INIT_D bound to: 64'b0000000000000000000000000000000000000000000000000000000000000000 
	Parameter IS_WCLK_INVERTED bound to: 1'b0 
INFO: [Synth 8-256] done synthesizing module 'RAM32M' (9#1) [F:/Xilinx/Vivado/2016.2/scripts/rt/data/unisim_comp.v:36731]
INFO: [Synth 8-256] done synthesizing module 'kcpsm6' (10#1) [C:/Users/Justin/Documents/4th School Year/Fall 2016 Semester/EE178/Vivado Projects/EE178 Lab #7/EE178 Lab #7.srcs/sources_1/imports/ee178_fall2016_lab7/kcpsm6.v:67]
INFO: [Synth 8-638] synthesizing module 'software' [C:/Users/Justin/Documents/4th School Year/Fall 2016 Semester/EE178/Vivado Projects/EE178 Lab #7/software/software.v:54]
INFO: [Synth 8-638] synthesizing module 'RAMB36E1' [F:/Xilinx/Vivado/2016.2/scripts/rt/data/unisim_comp.v:42125]
	Parameter DOA_REG bound to: 0 - type: integer 
	Parameter DOB_REG bound to: 0 - type: integer 
	Parameter EN_ECC_READ bound to: FALSE - type: string 
	Parameter EN_ECC_WRITE bound to: FALSE - type: string 
	Parameter INITP_00 bound to: 256'b0000000000000000000000000000000000000000000000000000000000000000000000000000000000000000000000000000000000000000000000000000000000000000000000000000000000000000001010100000110011001100110011001100110011001100110011001100110011001100110010011011011101000000 
	Parameter INITP_01 bound to: 256'b0000000000000000000000000000000000000000000000000000000000000000000000000000000000000000000000000000000000000000000000000000000000000000000000000000000000000000000000000000000000000000000000000000000000000000000000000000000000000000000000000000000000000000 
	Parameter INITP_02 bound to: 256'b0000000000000000000000000000000000000000000000000000000000000000000000000000000000000000000000000000000000000000000000000000000000000000000000000000000000000000000000000000000000000000000000000000000000000000000000000000000000000000000000000000000000000000 
	Parameter INITP_03 bound to: 256'b0000000000000000000000000000000000000000000000000000000000000000000000000000000000000000000000000000000000000000000000000000000000000000000000000000000000000000000000000000000000000000000000000000000000000000000000000000000000000000000000000000000000000000 
	Parameter INITP_04 bound to: 256'b0000000000000000000000000000000000000000000000000000000000000000000000000000000000000000000000000000000000000000000000000000000000000000000000000000000000000000000000000000000000000000000000000000000000000000000000000000000000000000000000000000000000000000 
	Parameter INITP_05 bound to: 256'b0000000000000000000000000000000000000000000000000000000000000000000000000000000000000000000000000000000000000000000000000000000000000000000000000000000000000000000000000000000000000000000000000000000000000000000000000000000000000000000000000000000000000000 
	Parameter INITP_06 bound to: 256'b0000000000000000000000000000000000000000000000000000000000000000000000000000000000000000000000000000000000000000000000000000000000000000000000000000000000000000000000000000000000000000000000000000000000000000000000000000000000000000000000000000000000000000 
	Parameter INITP_07 bound to: 256'b0000000000000000000000000000000000000000000000000000000000000000000000000000000000000000000000000000000000000000000000000000000000000000000000000000000000000000000000000000000000000000000000000000000000000000000000000000000000000000000000000000000000000000 
	Parameter INITP_08 bound to: 256'b0000000000000000000000000000000000000000000000000000000000000000000000000000000000000000000000000000000000000000000000000000000000000000000000000000000000000000000000000000000000000000000000000000000000000000000000000000000000000000000000000000000000000000 
	Parameter INITP_09 bound to: 256'b0000000000000000000000000000000000000000000000000000000000000000000000000000000000000000000000000000000000000000000000000000000000000000000000000000000000000000000000000000000000000000000000000000000000000000000000000000000000000000000000000000000000000000 
	Parameter INITP_0A bound to: 256'b0000000000000000000000000000000000000000000000000000000000000000000000000000000000000000000000000000000000000000000000000000000000000000000000000000000000000000000000000000000000000000000000000000000000000000000000000000000000000000000000000000000000000000 
	Parameter INITP_0B bound to: 256'b0000000000000000000000000000000000000000000000000000000000000000000000000000000000000000000000000000000000000000000000000000000000000000000000000000000000000000000000000000000000000000000000000000000000000000000000000000000000000000000000000000000000000000 
	Parameter INITP_0C bound to: 256'b0000000000000000000000000000000000000000000000000000000000000000000000000000000000000000000000000000000000000000000000000000000000000000000000000000000000000000000000000000000000000000000000000000000000000000000000000000000000000000000000000000000000000000 
	Parameter INITP_0D bound to: 256'b0000000000000000000000000000000000000000000000000000000000000000000000000000000000000000000000000000000000000000000000000000000000000000000000000000000000000000000000000000000000000000000000000000000000000000000000000000000000000000000000000000000000000000 
	Parameter INITP_0E bound to: 256'b0000000000000000000000000000000000000000000000000000000000000000000000000000000000000000000000000000000000000000000000000000000000000000000000000000000000000000000000000000000000000000000000000000000000000000000000000000000000000000000000000000000000000000 
	Parameter INITP_0F bound to: 256'b0000000000000000000000000000000000000000000000000000000000000000000000000000000000000000000000000000000000000000000000000000000000000000000000000000000000000000000000000000000000000000000000000000000000000000000000000000000000000000000000000000000000000000 
	Parameter INIT_00 bound to: 256'b0000000000001000110100000000010000000000000010001101000000000010000000000000100011010000000000010101000000000000000100100000000100100000001011000110000000001010110100010011001001100000000010101101000001001000000100100000000010010001000000011001000000000000 
	Parameter INIT_01 bound to: 256'b0000000000001000110100010000010000000000000010001101000100000010000000000000100011010001000000010000000000001000110100001000000000000000000010001101000001000000000000000000100011010000001000000000000000001000110100000001000000000000000010001101000000001000 
	Parameter INIT_02 bound to: 256'b0000000000000000001000000000000011010001000000111101000000000010000100010000000000000000001000000000000000001000110100011000000000000000000010001101000101000000000000000000100011010001001000000000000000001000110100010001000000000000000010001101000100001000 
	Parameter INIT_03 bound to: 256'b0000000000000000000000000000000000000000000000000000000000000000000000000000000000000000000000000000000000000000000000000000000000000000000000000000000000000000000000000000000000000000000000000000000000000000000000000000000000000000000000000000000000000000 
	Parameter INIT_04 bound to: 256'b0000000000000000000000000000000000000000000000000000000000000000000000000000000000000000000000000000000000000000000000000000000000000000000000000000000000000000000000000000000000000000000000000000000000000000000000000000000000000000000000000000000000000000 
	Parameter INIT_05 bound to: 256'b0000000000000000000000000000000000000000000000000000000000000000000000000000000000000000000000000000000000000000000000000000000000000000000000000000000000000000000000000000000000000000000000000000000000000000000000000000000000000000000000000000000000000000 
	Parameter INIT_06 bound to: 256'b0000000000000000000000000000000000000000000000000000000000000000000000000000000000000000000000000000000000000000000000000000000000000000000000000000000000000000000000000000000000000000000000000000000000000000000000000000000000000000000000000000000000000000 
	Parameter INIT_07 bound to: 256'b0000000000000000000000000000000000000000000000000000000000000000000000000000000000000000000000000000000000000000000000000000000000000000000000000000000000000000000000000000000000000000000000000000000000000000000000000000000000000000000000000000000000000000 
	Parameter INIT_08 bound to: 256'b0000000000000000000000000000000000000000000000000000000000000000000000000000000000000000000000000000000000000000000000000000000000000000000000000000000000000000000000000000000000000000000000000000000000000000000000000000000000000000000000000000000000000000 
	Parameter INIT_09 bound to: 256'b0000000000000000000000000000000000000000000000000000000000000000000000000000000000000000000000000000000000000000000000000000000000000000000000000000000000000000000000000000000000000000000000000000000000000000000000000000000000000000000000000000000000000000 
	Parameter INIT_0A bound to: 256'b0000000000000000000000000000000000000000000000000000000000000000000000000000000000000000000000000000000000000000000000000000000000000000000000000000000000000000000000000000000000000000000000000000000000000000000000000000000000000000000000000000000000000000 
	Parameter INIT_0B bound to: 256'b0000000000000000000000000000000000000000000000000000000000000000000000000000000000000000000000000000000000000000000000000000000000000000000000000000000000000000000000000000000000000000000000000000000000000000000000000000000000000000000000000000000000000000 
	Parameter INIT_0C bound to: 256'b0000000000000000000000000000000000000000000000000000000000000000000000000000000000000000000000000000000000000000000000000000000000000000000000000000000000000000000000000000000000000000000000000000000000000000000000000000000000000000000000000000000000000000 
	Parameter INIT_0D bound to: 256'b0000000000000000000000000000000000000000000000000000000000000000000000000000000000000000000000000000000000000000000000000000000000000000000000000000000000000000000000000000000000000000000000000000000000000000000000000000000000000000000000000000000000000000 
	Parameter INIT_0E bound to: 256'b0000000000000000000000000000000000000000000000000000000000000000000000000000000000000000000000000000000000000000000000000000000000000000000000000000000000000000000000000000000000000000000000000000000000000000000000000000000000000000000000000000000000000000 
	Parameter INIT_0F bound to: 256'b0000000000000000000000000000000000000000000000000000000000000000000000000000000000000000000000000000000000000000000000000000000000000000000000000000000000000000000000000000000000000000000000000000000000000000000000000000000000000000000000000000000000000000 
	Parameter INIT_10 bound to: 256'b0000000000000000000000000000000000000000000000000000000000000000000000000000000000000000000000000000000000000000000000000000000000000000000000000000000000000000000000000000000000000000000000000000000000000000000000000000000000000000000000000000000000000000 
	Parameter INIT_11 bound to: 256'b0000000000000000000000000000000000000000000000000000000000000000000000000000000000000000000000000000000000000000000000000000000000000000000000000000000000000000000000000000000000000000000000000000000000000000000000000000000000000000000000000000000000000000 
	Parameter INIT_12 bound to: 256'b0000000000000000000000000000000000000000000000000000000000000000000000000000000000000000000000000000000000000000000000000000000000000000000000000000000000000000000000000000000000000000000000000000000000000000000000000000000000000000000000000000000000000000 
	Parameter INIT_13 bound to: 256'b0000000000000000000000000000000000000000000000000000000000000000000000000000000000000000000000000000000000000000000000000000000000000000000000000000000000000000000000000000000000000000000000000000000000000000000000000000000000000000000000000000000000000000 
	Parameter INIT_14 bound to: 256'b0000000000000000000000000000000000000000000000000000000000000000000000000000000000000000000000000000000000000000000000000000000000000000000000000000000000000000000000000000000000000000000000000000000000000000000000000000000000000000000000000000000000000000 
	Parameter INIT_15 bound to: 256'b0000000000000000000000000000000000000000000000000000000000000000000000000000000000000000000000000000000000000000000000000000000000000000000000000000000000000000000000000000000000000000000000000000000000000000000000000000000000000000000000000000000000000000 
	Parameter INIT_16 bound to: 256'b0000000000000000000000000000000000000000000000000000000000000000000000000000000000000000000000000000000000000000000000000000000000000000000000000000000000000000000000000000000000000000000000000000000000000000000000000000000000000000000000000000000000000000 
	Parameter INIT_17 bound to: 256'b0000000000000000000000000000000000000000000000000000000000000000000000000000000000000000000000000000000000000000000000000000000000000000000000000000000000000000000000000000000000000000000000000000000000000000000000000000000000000000000000000000000000000000 
	Parameter INIT_18 bound to: 256'b0000000000000000000000000000000000000000000000000000000000000000000000000000000000000000000000000000000000000000000000000000000000000000000000000000000000000000000000000000000000000000000000000000000000000000000000000000000000000000000000000000000000000000 
	Parameter INIT_19 bound to: 256'b0000000000000000000000000000000000000000000000000000000000000000000000000000000000000000000000000000000000000000000000000000000000000000000000000000000000000000000000000000000000000000000000000000000000000000000000000000000000000000000000000000000000000000 
	Parameter INIT_1A bound to: 256'b0000000000000000000000000000000000000000000000000000000000000000000000000000000000000000000000000000000000000000000000000000000000000000000000000000000000000000000000000000000000000000000000000000000000000000000000000000000000000000000000000000000000000000 
	Parameter INIT_1B bound to: 256'b0000000000000000000000000000000000000000000000000000000000000000000000000000000000000000000000000000000000000000000000000000000000000000000000000000000000000000000000000000000000000000000000000000000000000000000000000000000000000000000000000000000000000000 
	Parameter INIT_1C bound to: 256'b0000000000000000000000000000000000000000000000000000000000000000000000000000000000000000000000000000000000000000000000000000000000000000000000000000000000000000000000000000000000000000000000000000000000000000000000000000000000000000000000000000000000000000 
	Parameter INIT_1D bound to: 256'b0000000000000000000000000000000000000000000000000000000000000000000000000000000000000000000000000000000000000000000000000000000000000000000000000000000000000000000000000000000000000000000000000000000000000000000000000000000000000000000000000000000000000000 
	Parameter INIT_1E bound to: 256'b0000000000000000000000000000000000000000000000000000000000000000000000000000000000000000000000000000000000000000000000000000000000000000000000000000000000000000000000000000000000000000000000000000000000000000000000000000000000000000000000000000000000000000 
	Parameter INIT_1F bound to: 256'b0000000000000000000000000000000000000000000000000000000000000000000000000000000000000000000000000000000000000000000000000000000000000000000000000000000000000000000000000000000000000000000000000000000000000000000000000000000000000000000000000000000000000000 
	Parameter INIT_20 bound to: 256'b0000000000000000000000000000000000000000000000000000000000000000000000000000000000000000000000000000000000000000000000000000000000000000000000000000000000000000000000000000000000000000000000000000000000000000000000000000000000000000000000000000000000000000 
	Parameter INIT_21 bound to: 256'b0000000000000000000000000000000000000000000000000000000000000000000000000000000000000000000000000000000000000000000000000000000000000000000000000000000000000000000000000000000000000000000000000000000000000000000000000000000000000000000000000000000000000000 
	Parameter INIT_22 bound to: 256'b0000000000000000000000000000000000000000000000000000000000000000000000000000000000000000000000000000000000000000000000000000000000000000000000000000000000000000000000000000000000000000000000000000000000000000000000000000000000000000000000000000000000000000 
	Parameter INIT_23 bound to: 256'b0000000000000000000000000000000000000000000000000000000000000000000000000000000000000000000000000000000000000000000000000000000000000000000000000000000000000000000000000000000000000000000000000000000000000000000000000000000000000000000000000000000000000000 
	Parameter INIT_24 bound to: 256'b0000000000000000000000000000000000000000000000000000000000000000000000000000000000000000000000000000000000000000000000000000000000000000000000000000000000000000000000000000000000000000000000000000000000000000000000000000000000000000000000000000000000000000 
	Parameter INIT_25 bound to: 256'b0000000000000000000000000000000000000000000000000000000000000000000000000000000000000000000000000000000000000000000000000000000000000000000000000000000000000000000000000000000000000000000000000000000000000000000000000000000000000000000000000000000000000000 
	Parameter INIT_26 bound to: 256'b0000000000000000000000000000000000000000000000000000000000000000000000000000000000000000000000000000000000000000000000000000000000000000000000000000000000000000000000000000000000000000000000000000000000000000000000000000000000000000000000000000000000000000 
	Parameter INIT_27 bound to: 256'b0000000000000000000000000000000000000000000000000000000000000000000000000000000000000000000000000000000000000000000000000000000000000000000000000000000000000000000000000000000000000000000000000000000000000000000000000000000000000000000000000000000000000000 
	Parameter INIT_28 bound to: 256'b0000000000000000000000000000000000000000000000000000000000000000000000000000000000000000000000000000000000000000000000000000000000000000000000000000000000000000000000000000000000000000000000000000000000000000000000000000000000000000000000000000000000000000 
	Parameter INIT_29 bound to: 256'b0000000000000000000000000000000000000000000000000000000000000000000000000000000000000000000000000000000000000000000000000000000000000000000000000000000000000000000000000000000000000000000000000000000000000000000000000000000000000000000000000000000000000000 
	Parameter INIT_2A bound to: 256'b0000000000000000000000000000000000000000000000000000000000000000000000000000000000000000000000000000000000000000000000000000000000000000000000000000000000000000000000000000000000000000000000000000000000000000000000000000000000000000000000000000000000000000 
	Parameter INIT_2B bound to: 256'b0000000000000000000000000000000000000000000000000000000000000000000000000000000000000000000000000000000000000000000000000000000000000000000000000000000000000000000000000000000000000000000000000000000000000000000000000000000000000000000000000000000000000000 
	Parameter INIT_2C bound to: 256'b0000000000000000000000000000000000000000000000000000000000000000000000000000000000000000000000000000000000000000000000000000000000000000000000000000000000000000000000000000000000000000000000000000000000000000000000000000000000000000000000000000000000000000 
	Parameter INIT_2D bound to: 256'b0000000000000000000000000000000000000000000000000000000000000000000000000000000000000000000000000000000000000000000000000000000000000000000000000000000000000000000000000000000000000000000000000000000000000000000000000000000000000000000000000000000000000000 
	Parameter INIT_2E bound to: 256'b0000000000000000000000000000000000000000000000000000000000000000000000000000000000000000000000000000000000000000000000000000000000000000000000000000000000000000000000000000000000000000000000000000000000000000000000000000000000000000000000000000000000000000 
	Parameter INIT_2F bound to: 256'b0000000000000000000000000000000000000000000000000000000000000000000000000000000000000000000000000000000000000000000000000000000000000000000000000000000000000000000000000000000000000000000000000000000000000000000000000000000000000000000000000000000000000000 
	Parameter INIT_30 bound to: 256'b0000000000000000000000000000000000000000000000000000000000000000000000000000000000000000000000000000000000000000000000000000000000000000000000000000000000000000000000000000000000000000000000000000000000000000000000000000000000000000000000000000000000000000 
	Parameter INIT_31 bound to: 256'b0000000000000000000000000000000000000000000000000000000000000000000000000000000000000000000000000000000000000000000000000000000000000000000000000000000000000000000000000000000000000000000000000000000000000000000000000000000000000000000000000000000000000000 
	Parameter INIT_32 bound to: 256'b0000000000000000000000000000000000000000000000000000000000000000000000000000000000000000000000000000000000000000000000000000000000000000000000000000000000000000000000000000000000000000000000000000000000000000000000000000000000000000000000000000000000000000 
	Parameter INIT_33 bound to: 256'b0000000000000000000000000000000000000000000000000000000000000000000000000000000000000000000000000000000000000000000000000000000000000000000000000000000000000000000000000000000000000000000000000000000000000000000000000000000000000000000000000000000000000000 
	Parameter INIT_34 bound to: 256'b0000000000000000000000000000000000000000000000000000000000000000000000000000000000000000000000000000000000000000000000000000000000000000000000000000000000000000000000000000000000000000000000000000000000000000000000000000000000000000000000000000000000000000 
	Parameter INIT_35 bound to: 256'b0000000000000000000000000000000000000000000000000000000000000000000000000000000000000000000000000000000000000000000000000000000000000000000000000000000000000000000000000000000000000000000000000000000000000000000000000000000000000000000000000000000000000000 
	Parameter INIT_36 bound to: 256'b0000000000000000000000000000000000000000000000000000000000000000000000000000000000000000000000000000000000000000000000000000000000000000000000000000000000000000000000000000000000000000000000000000000000000000000000000000000000000000000000000000000000000000 
	Parameter INIT_37 bound to: 256'b0000000000000000000000000000000000000000000000000000000000000000000000000000000000000000000000000000000000000000000000000000000000000000000000000000000000000000000000000000000000000000000000000000000000000000000000000000000000000000000000000000000000000000 
	Parameter INIT_38 bound to: 256'b0000000000000000000000000000000000000000000000000000000000000000000000000000000000000000000000000000000000000000000000000000000000000000000000000000000000000000000000000000000000000000000000000000000000000000000000000000000000000000000000000000000000000000 
	Parameter INIT_39 bound to: 256'b0000000000000000000000000000000000000000000000000000000000000000000000000000000000000000000000000000000000000000000000000000000000000000000000000000000000000000000000000000000000000000000000000000000000000000000000000000000000000000000000000000000000000000 
	Parameter INIT_3A bound to: 256'b0000000000000000000000000000000000000000000000000000000000000000000000000000000000000000000000000000000000000000000000000000000000000000000000000000000000000000000000000000000000000000000000000000000000000000000000000000000000000000000000000000000000000000 
	Parameter INIT_3B bound to: 256'b0000000000000000000000000000000000000000000000000000000000000000000000000000000000000000000000000000000000000000000000000000000000000000000000000000000000000000000000000000000000000000000000000000000000000000000000000000000000000000000000000000000000000000 
	Parameter INIT_3C bound to: 256'b0000000000000000000000000000000000000000000000000000000000000000000000000000000000000000000000000000000000000000000000000000000000000000000000000000000000000000000000000000000000000000000000000000000000000000000000000000000000000000000000000000000000000000 
	Parameter INIT_3D bound to: 256'b0000000000000000000000000000000000000000000000000000000000000000000000000000000000000000000000000000000000000000000000000000000000000000000000000000000000000000000000000000000000000000000000000000000000000000000000000000000000000000000000000000000000000000 
	Parameter INIT_3E bound to: 256'b0000000000000000000000000000000000000000000000000000000000000000000000000000000000000000000000000000000000000000000000000000000000000000000000000000000000000000000000000000000000000000000000000000000000000000000000000000000000000000000000000000000000000000 
	Parameter INIT_3F bound to: 256'b0000000000000000000000000000000000000000000000000000000000000000000000000000000000000000000000000000000000000000000000000000000000000000000000000000000000000000000000000000000000000000000000000000000000000000000000000000000000000000000000000000000000000000 
	Parameter INIT_40 bound to: 256'b0000000000000000000000000000000000000000000000000000000000000000000000000000000000000000000000000000000000000000000000000000000000000000000000000000000000000000000000000000000000000000000000000000000000000000000000000000000000000000000000000000000000000000 
	Parameter INIT_41 bound to: 256'b0000000000000000000000000000000000000000000000000000000000000000000000000000000000000000000000000000000000000000000000000000000000000000000000000000000000000000000000000000000000000000000000000000000000000000000000000000000000000000000000000000000000000000 
	Parameter INIT_42 bound to: 256'b0000000000000000000000000000000000000000000000000000000000000000000000000000000000000000000000000000000000000000000000000000000000000000000000000000000000000000000000000000000000000000000000000000000000000000000000000000000000000000000000000000000000000000 
	Parameter INIT_43 bound to: 256'b0000000000000000000000000000000000000000000000000000000000000000000000000000000000000000000000000000000000000000000000000000000000000000000000000000000000000000000000000000000000000000000000000000000000000000000000000000000000000000000000000000000000000000 
	Parameter INIT_44 bound to: 256'b0000000000000000000000000000000000000000000000000000000000000000000000000000000000000000000000000000000000000000000000000000000000000000000000000000000000000000000000000000000000000000000000000000000000000000000000000000000000000000000000000000000000000000 
	Parameter INIT_45 bound to: 256'b0000000000000000000000000000000000000000000000000000000000000000000000000000000000000000000000000000000000000000000000000000000000000000000000000000000000000000000000000000000000000000000000000000000000000000000000000000000000000000000000000000000000000000 
	Parameter INIT_46 bound to: 256'b0000000000000000000000000000000000000000000000000000000000000000000000000000000000000000000000000000000000000000000000000000000000000000000000000000000000000000000000000000000000000000000000000000000000000000000000000000000000000000000000000000000000000000 
	Parameter INIT_47 bound to: 256'b0000000000000000000000000000000000000000000000000000000000000000000000000000000000000000000000000000000000000000000000000000000000000000000000000000000000000000000000000000000000000000000000000000000000000000000000000000000000000000000000000000000000000000 
	Parameter INIT_48 bound to: 256'b0000000000000000000000000000000000000000000000000000000000000000000000000000000000000000000000000000000000000000000000000000000000000000000000000000000000000000000000000000000000000000000000000000000000000000000000000000000000000000000000000000000000000000 
	Parameter INIT_49 bound to: 256'b0000000000000000000000000000000000000000000000000000000000000000000000000000000000000000000000000000000000000000000000000000000000000000000000000000000000000000000000000000000000000000000000000000000000000000000000000000000000000000000000000000000000000000 
	Parameter INIT_4A bound to: 256'b0000000000000000000000000000000000000000000000000000000000000000000000000000000000000000000000000000000000000000000000000000000000000000000000000000000000000000000000000000000000000000000000000000000000000000000000000000000000000000000000000000000000000000 
	Parameter INIT_4B bound to: 256'b0000000000000000000000000000000000000000000000000000000000000000000000000000000000000000000000000000000000000000000000000000000000000000000000000000000000000000000000000000000000000000000000000000000000000000000000000000000000000000000000000000000000000000 
	Parameter INIT_4C bound to: 256'b0000000000000000000000000000000000000000000000000000000000000000000000000000000000000000000000000000000000000000000000000000000000000000000000000000000000000000000000000000000000000000000000000000000000000000000000000000000000000000000000000000000000000000 
	Parameter INIT_4D bound to: 256'b0000000000000000000000000000000000000000000000000000000000000000000000000000000000000000000000000000000000000000000000000000000000000000000000000000000000000000000000000000000000000000000000000000000000000000000000000000000000000000000000000000000000000000 
	Parameter INIT_4E bound to: 256'b0000000000000000000000000000000000000000000000000000000000000000000000000000000000000000000000000000000000000000000000000000000000000000000000000000000000000000000000000000000000000000000000000000000000000000000000000000000000000000000000000000000000000000 
	Parameter INIT_4F bound to: 256'b0000000000000000000000000000000000000000000000000000000000000000000000000000000000000000000000000000000000000000000000000000000000000000000000000000000000000000000000000000000000000000000000000000000000000000000000000000000000000000000000000000000000000000 
	Parameter INIT_50 bound to: 256'b0000000000000000000000000000000000000000000000000000000000000000000000000000000000000000000000000000000000000000000000000000000000000000000000000000000000000000000000000000000000000000000000000000000000000000000000000000000000000000000000000000000000000000 
	Parameter INIT_51 bound to: 256'b0000000000000000000000000000000000000000000000000000000000000000000000000000000000000000000000000000000000000000000000000000000000000000000000000000000000000000000000000000000000000000000000000000000000000000000000000000000000000000000000000000000000000000 
	Parameter INIT_52 bound to: 256'b0000000000000000000000000000000000000000000000000000000000000000000000000000000000000000000000000000000000000000000000000000000000000000000000000000000000000000000000000000000000000000000000000000000000000000000000000000000000000000000000000000000000000000 
	Parameter INIT_53 bound to: 256'b0000000000000000000000000000000000000000000000000000000000000000000000000000000000000000000000000000000000000000000000000000000000000000000000000000000000000000000000000000000000000000000000000000000000000000000000000000000000000000000000000000000000000000 
	Parameter INIT_54 bound to: 256'b0000000000000000000000000000000000000000000000000000000000000000000000000000000000000000000000000000000000000000000000000000000000000000000000000000000000000000000000000000000000000000000000000000000000000000000000000000000000000000000000000000000000000000 
	Parameter INIT_55 bound to: 256'b0000000000000000000000000000000000000000000000000000000000000000000000000000000000000000000000000000000000000000000000000000000000000000000000000000000000000000000000000000000000000000000000000000000000000000000000000000000000000000000000000000000000000000 
	Parameter INIT_56 bound to: 256'b0000000000000000000000000000000000000000000000000000000000000000000000000000000000000000000000000000000000000000000000000000000000000000000000000000000000000000000000000000000000000000000000000000000000000000000000000000000000000000000000000000000000000000 
	Parameter INIT_57 bound to: 256'b0000000000000000000000000000000000000000000000000000000000000000000000000000000000000000000000000000000000000000000000000000000000000000000000000000000000000000000000000000000000000000000000000000000000000000000000000000000000000000000000000000000000000000 
	Parameter INIT_58 bound to: 256'b0000000000000000000000000000000000000000000000000000000000000000000000000000000000000000000000000000000000000000000000000000000000000000000000000000000000000000000000000000000000000000000000000000000000000000000000000000000000000000000000000000000000000000 
	Parameter INIT_59 bound to: 256'b0000000000000000000000000000000000000000000000000000000000000000000000000000000000000000000000000000000000000000000000000000000000000000000000000000000000000000000000000000000000000000000000000000000000000000000000000000000000000000000000000000000000000000 
	Parameter INIT_5A bound to: 256'b0000000000000000000000000000000000000000000000000000000000000000000000000000000000000000000000000000000000000000000000000000000000000000000000000000000000000000000000000000000000000000000000000000000000000000000000000000000000000000000000000000000000000000 
	Parameter INIT_5B bound to: 256'b0000000000000000000000000000000000000000000000000000000000000000000000000000000000000000000000000000000000000000000000000000000000000000000000000000000000000000000000000000000000000000000000000000000000000000000000000000000000000000000000000000000000000000 
	Parameter INIT_5C bound to: 256'b0000000000000000000000000000000000000000000000000000000000000000000000000000000000000000000000000000000000000000000000000000000000000000000000000000000000000000000000000000000000000000000000000000000000000000000000000000000000000000000000000000000000000000 
	Parameter INIT_5D bound to: 256'b0000000000000000000000000000000000000000000000000000000000000000000000000000000000000000000000000000000000000000000000000000000000000000000000000000000000000000000000000000000000000000000000000000000000000000000000000000000000000000000000000000000000000000 
	Parameter INIT_5E bound to: 256'b0000000000000000000000000000000000000000000000000000000000000000000000000000000000000000000000000000000000000000000000000000000000000000000000000000000000000000000000000000000000000000000000000000000000000000000000000000000000000000000000000000000000000000 
	Parameter INIT_5F bound to: 256'b0000000000000000000000000000000000000000000000000000000000000000000000000000000000000000000000000000000000000000000000000000000000000000000000000000000000000000000000000000000000000000000000000000000000000000000000000000000000000000000000000000000000000000 
	Parameter INIT_60 bound to: 256'b0000000000000000000000000000000000000000000000000000000000000000000000000000000000000000000000000000000000000000000000000000000000000000000000000000000000000000000000000000000000000000000000000000000000000000000000000000000000000000000000000000000000000000 
	Parameter INIT_61 bound to: 256'b0000000000000000000000000000000000000000000000000000000000000000000000000000000000000000000000000000000000000000000000000000000000000000000000000000000000000000000000000000000000000000000000000000000000000000000000000000000000000000000000000000000000000000 
	Parameter INIT_62 bound to: 256'b0000000000000000000000000000000000000000000000000000000000000000000000000000000000000000000000000000000000000000000000000000000000000000000000000000000000000000000000000000000000000000000000000000000000000000000000000000000000000000000000000000000000000000 
	Parameter INIT_63 bound to: 256'b0000000000000000000000000000000000000000000000000000000000000000000000000000000000000000000000000000000000000000000000000000000000000000000000000000000000000000000000000000000000000000000000000000000000000000000000000000000000000000000000000000000000000000 
	Parameter INIT_64 bound to: 256'b0000000000000000000000000000000000000000000000000000000000000000000000000000000000000000000000000000000000000000000000000000000000000000000000000000000000000000000000000000000000000000000000000000000000000000000000000000000000000000000000000000000000000000 
	Parameter INIT_65 bound to: 256'b0000000000000000000000000000000000000000000000000000000000000000000000000000000000000000000000000000000000000000000000000000000000000000000000000000000000000000000000000000000000000000000000000000000000000000000000000000000000000000000000000000000000000000 
	Parameter INIT_66 bound to: 256'b0000000000000000000000000000000000000000000000000000000000000000000000000000000000000000000000000000000000000000000000000000000000000000000000000000000000000000000000000000000000000000000000000000000000000000000000000000000000000000000000000000000000000000 
	Parameter INIT_67 bound to: 256'b0000000000000000000000000000000000000000000000000000000000000000000000000000000000000000000000000000000000000000000000000000000000000000000000000000000000000000000000000000000000000000000000000000000000000000000000000000000000000000000000000000000000000000 
	Parameter INIT_68 bound to: 256'b0000000000000000000000000000000000000000000000000000000000000000000000000000000000000000000000000000000000000000000000000000000000000000000000000000000000000000000000000000000000000000000000000000000000000000000000000000000000000000000000000000000000000000 
	Parameter INIT_69 bound to: 256'b0000000000000000000000000000000000000000000000000000000000000000000000000000000000000000000000000000000000000000000000000000000000000000000000000000000000000000000000000000000000000000000000000000000000000000000000000000000000000000000000000000000000000000 
	Parameter INIT_6A bound to: 256'b0000000000000000000000000000000000000000000000000000000000000000000000000000000000000000000000000000000000000000000000000000000000000000000000000000000000000000000000000000000000000000000000000000000000000000000000000000000000000000000000000000000000000000 
	Parameter INIT_6B bound to: 256'b0000000000000000000000000000000000000000000000000000000000000000000000000000000000000000000000000000000000000000000000000000000000000000000000000000000000000000000000000000000000000000000000000000000000000000000000000000000000000000000000000000000000000000 
	Parameter INIT_6C bound to: 256'b0000000000000000000000000000000000000000000000000000000000000000000000000000000000000000000000000000000000000000000000000000000000000000000000000000000000000000000000000000000000000000000000000000000000000000000000000000000000000000000000000000000000000000 
	Parameter INIT_6D bound to: 256'b0000000000000000000000000000000000000000000000000000000000000000000000000000000000000000000000000000000000000000000000000000000000000000000000000000000000000000000000000000000000000000000000000000000000000000000000000000000000000000000000000000000000000000 
	Parameter INIT_6E bound to: 256'b0000000000000000000000000000000000000000000000000000000000000000000000000000000000000000000000000000000000000000000000000000000000000000000000000000000000000000000000000000000000000000000000000000000000000000000000000000000000000000000000000000000000000000 
	Parameter INIT_6F bound to: 256'b0000000000000000000000000000000000000000000000000000000000000000000000000000000000000000000000000000000000000000000000000000000000000000000000000000000000000000000000000000000000000000000000000000000000000000000000000000000000000000000000000000000000000000 
	Parameter INIT_70 bound to: 256'b0000000000000000000000000000000000000000000000000000000000000000000000000000000000000000000000000000000000000000000000000000000000000000000000000000000000000000000000000000000000000000000000000000000000000000000000000000000000000000000000000000000000000000 
	Parameter INIT_71 bound to: 256'b0000000000000000000000000000000000000000000000000000000000000000000000000000000000000000000000000000000000000000000000000000000000000000000000000000000000000000000000000000000000000000000000000000000000000000000000000000000000000000000000000000000000000000 
	Parameter INIT_72 bound to: 256'b0000000000000000000000000000000000000000000000000000000000000000000000000000000000000000000000000000000000000000000000000000000000000000000000000000000000000000000000000000000000000000000000000000000000000000000000000000000000000000000000000000000000000000 
	Parameter INIT_73 bound to: 256'b0000000000000000000000000000000000000000000000000000000000000000000000000000000000000000000000000000000000000000000000000000000000000000000000000000000000000000000000000000000000000000000000000000000000000000000000000000000000000000000000000000000000000000 
	Parameter INIT_74 bound to: 256'b0000000000000000000000000000000000000000000000000000000000000000000000000000000000000000000000000000000000000000000000000000000000000000000000000000000000000000000000000000000000000000000000000000000000000000000000000000000000000000000000000000000000000000 
	Parameter INIT_75 bound to: 256'b0000000000000000000000000000000000000000000000000000000000000000000000000000000000000000000000000000000000000000000000000000000000000000000000000000000000000000000000000000000000000000000000000000000000000000000000000000000000000000000000000000000000000000 
	Parameter INIT_76 bound to: 256'b0000000000000000000000000000000000000000000000000000000000000000000000000000000000000000000000000000000000000000000000000000000000000000000000000000000000000000000000000000000000000000000000000000000000000000000000000000000000000000000000000000000000000000 
	Parameter INIT_77 bound to: 256'b0000000000000000000000000000000000000000000000000000000000000000000000000000000000000000000000000000000000000000000000000000000000000000000000000000000000000000000000000000000000000000000000000000000000000000000000000000000000000000000000000000000000000000 
	Parameter INIT_78 bound to: 256'b0000000000000000000000000000000000000000000000000000000000000000000000000000000000000000000000000000000000000000000000000000000000000000000000000000000000000000000000000000000000000000000000000000000000000000000000000000000000000000000000000000000000000000 
	Parameter INIT_79 bound to: 256'b0000000000000000000000000000000000000000000000000000000000000000000000000000000000000000000000000000000000000000000000000000000000000000000000000000000000000000000000000000000000000000000000000000000000000000000000000000000000000000000000000000000000000000 
	Parameter INIT_7A bound to: 256'b0000000000000000000000000000000000000000000000000000000000000000000000000000000000000000000000000000000000000000000000000000000000000000000000000000000000000000000000000000000000000000000000000000000000000000000000000000000000000000000000000000000000000000 
	Parameter INIT_7B bound to: 256'b0000000000000000000000000000000000000000000000000000000000000000000000000000000000000000000000000000000000000000000000000000000000000000000000000000000000000000000000000000000000000000000000000000000000000000000000000000000000000000000000000000000000000000 
	Parameter INIT_7C bound to: 256'b0000000000000000000000000000000000000000000000000000000000000000000000000000000000000000000000000000000000000000000000000000000000000000000000000000000000000000000000000000000000000000000000000000000000000000000000000000000000000000000000000000000000000000 
	Parameter INIT_7D bound to: 256'b0000000000000000000000000000000000000000000000000000000000000000000000000000000000000000000000000000000000000000000000000000000000000000000000000000000000000000000000000000000000000000000000000000000000000000000000000000000000000000000000000000000000000000 
	Parameter INIT_7E bound to: 256'b0000000000000000000000000000000000000000000000000000000000000000000000000000000000000000000000000000000000000000000000000000000000000000000000000000000000000000000000000000000000000000000000000000000000000000000000000000000000000000000000000000000000000000 
	Parameter INIT_7F bound to: 256'b0000000000000000000000000000000000000000000000000000000000000000000000000000000000000000000000000000000000000000000000000000000000000000000000000000000000000000000000000000000000000000000000000000000000000000000000000000000000000000000000000000000000000000 
	Parameter INIT_A bound to: 36'b000000000000000000000000000000000000 
	Parameter INIT_B bound to: 36'b000000000000000000000000000000000000 
	Parameter INIT_FILE bound to: NONE - type: string 
	Parameter IS_CLKARDCLK_INVERTED bound to: 1'b0 
	Parameter IS_CLKBWRCLK_INVERTED bound to: 1'b0 
	Parameter IS_ENARDEN_INVERTED bound to: 1'b0 
	Parameter IS_ENBWREN_INVERTED bound to: 1'b0 
	Parameter IS_RSTRAMARSTRAM_INVERTED bound to: 1'b0 
	Parameter IS_RSTRAMB_INVERTED bound to: 1'b0 
	Parameter IS_RSTREGARSTREG_INVERTED bound to: 1'b0 
	Parameter IS_RSTREGB_INVERTED bound to: 1'b0 
	Parameter RAM_EXTENSION_A bound to: NONE - type: string 
	Parameter RAM_EXTENSION_B bound to: NONE - type: string 
	Parameter RAM_MODE bound to: TDP - type: string 
	Parameter RDADDR_COLLISION_HWCONFIG bound to: DELAYED_WRITE - type: string 
	Parameter READ_WIDTH_A bound to: 18 - type: integer 
	Parameter READ_WIDTH_B bound to: 18 - type: integer 
	Parameter RSTREG_PRIORITY_A bound to: REGCE - type: string 
	Parameter RSTREG_PRIORITY_B bound to: REGCE - type: string 
	Parameter SIM_COLLISION_CHECK bound to: ALL - type: string 
	Parameter SIM_DEVICE bound to: 7SERIES - type: string 
	Parameter SRVAL_A bound to: 36'b000000000000000000000000000000000000 
	Parameter SRVAL_B bound to: 36'b000000000000000000000000000000000000 
	Parameter WRITE_MODE_A bound to: WRITE_FIRST - type: string 
	Parameter WRITE_MODE_B bound to: WRITE_FIRST - type: string 
	Parameter WRITE_WIDTH_A bound to: 18 - type: integer 
	Parameter WRITE_WIDTH_B bound to: 18 - type: integer 
INFO: [Synth 8-256] done synthesizing module 'RAMB36E1' (11#1) [F:/Xilinx/Vivado/2016.2/scripts/rt/data/unisim_comp.v:42125]
INFO: [Synth 8-256] done synthesizing module 'software' (12#1) [C:/Users/Justin/Documents/4th School Year/Fall 2016 Semester/EE178/Vivado Projects/EE178 Lab #7/software/software.v:54]
INFO: [Synth 8-226] default block is never used [C:/Users/Justin/Documents/4th School Year/Fall 2016 Semester/EE178/Vivado Projects/EE178 Lab #7/EE178 Lab #7.srcs/sources_1/imports/ee178_fall2016_lab7/tutorial.v:123]
INFO: [Synth 8-226] default block is never used [C:/Users/Justin/Documents/4th School Year/Fall 2016 Semester/EE178/Vivado Projects/EE178 Lab #7/EE178 Lab #7.srcs/sources_1/imports/ee178_fall2016_lab7/tutorial.v:131]
INFO: [Synth 8-226] default block is never used [C:/Users/Justin/Documents/4th School Year/Fall 2016 Semester/EE178/Vivado Projects/EE178 Lab #7/EE178 Lab #7.srcs/sources_1/imports/ee178_fall2016_lab7/tutorial.v:138]
WARNING: [Synth 8-3848] Net dp in module/entity tutorial does not have driver. [C:/Users/Justin/Documents/4th School Year/Fall 2016 Semester/EE178/Vivado Projects/EE178 Lab #7/EE178 Lab #7.srcs/sources_1/imports/ee178_fall2016_lab7/tutorial.v:29]
INFO: [Synth 8-256] done synthesizing module 'tutorial' (13#1) [C:/Users/Justin/Documents/4th School Year/Fall 2016 Semester/EE178/Vivado Projects/EE178 Lab #7/EE178 Lab #7.srcs/sources_1/imports/ee178_fall2016_lab7/tutorial.v:13]
WARNING: [Synth 8-3331] design tutorial has unconnected port dp
WARNING: [Synth 8-3331] design tutorial has unconnected port dot0
---------------------------------------------------------------------------------
Finished RTL Elaboration : Time (s): cpu = 00:00:05 ; elapsed = 00:00:07 . Memory (MB): peak = 310.805 ; gain = 103.758
---------------------------------------------------------------------------------

Report Check Netlist: 
+------+------------------+-------+---------+-------+------------------+
|      |Item              |Errors |Warnings |Status |Description       |
+------+------------------+-------+---------+-------+------------------+
|1     |multi_driven_nets |      0|        0|Passed |Multi driven nets |
+------+------------------+-------+---------+-------+------------------+
---------------------------------------------------------------------------------
Finished RTL Optimization Phase 1 : Time (s): cpu = 00:00:05 ; elapsed = 00:00:07 . Memory (MB): peak = 310.805 ; gain = 103.758
---------------------------------------------------------------------------------
INFO: [Netlist 29-17] Analyzing 187 Unisim elements for replacement
INFO: [Netlist 29-28] Unisim Transformation completed in 1 CPU seconds
INFO: [Device 21-403] Loading part xc7a35tcpg236-1
INFO: [Project 1-570] Preparing netlist for logic optimization

Processing XDC Constraints
Initializing timing engine
Parsing XDC File [C:/Users/Justin/Documents/4th School Year/Fall 2016 Semester/EE178/Vivado Projects/EE178 Lab #7/EE178 Lab #7.srcs/constrs_1/imports/ee178_fall2016_lab7/tutorial.xdc]
Finished Parsing XDC File [C:/Users/Justin/Documents/4th School Year/Fall 2016 Semester/EE178/Vivado Projects/EE178 Lab #7/EE178 Lab #7.srcs/constrs_1/imports/ee178_fall2016_lab7/tutorial.xdc]
INFO: [Project 1-236] Implementation specific constraints were found while reading constraint file [C:/Users/Justin/Documents/4th School Year/Fall 2016 Semester/EE178/Vivado Projects/EE178 Lab #7/EE178 Lab #7.srcs/constrs_1/imports/ee178_fall2016_lab7/tutorial.xdc]. These constraints will be ignored for synthesis but will be used in implementation. Impacted constraints are listed in the file [.Xil/tutorial_propImpl.xdc].
Resolution: To avoid this warning, move constraints listed in [.Xil/tutorial_propImpl.xdc] to another XDC file and exclude this new file from synthesis with the used_in_synthesis property (File Properties dialog in GUI) and re-run elaboration/synthesis.
Completed Processing XDC Constraints

INFO: [Project 1-111] Unisim Transformation Summary:
  A total of 130 instances were transformed.
  FD => FDRE: 48 instances
  FDR => FDRE: 20 instances
  LUT6_2 => LUT6_2 (LUT6, LUT5): 50 instances
  RAM256X1S => RAM256X1S (RAMS64E, RAMS64E, RAMS64E, RAMS64E, MUXF7, MUXF7, MUXF8): 8 instances
  RAM32M => RAM32M (RAMS32, RAMS32, RAMD32, RAMD32, RAMD32, RAMD32, RAMD32, RAMD32): 4 instances

Constraint Validation Runtime : Time (s): cpu = 00:00:00 ; elapsed = 00:00:00.003 . Memory (MB): peak = 559.875 ; gain = 0.000
---------------------------------------------------------------------------------
Finished Constraint Validation : Time (s): cpu = 00:00:12 ; elapsed = 00:00:15 . Memory (MB): peak = 559.875 ; gain = 352.828
---------------------------------------------------------------------------------
---------------------------------------------------------------------------------
Start Loading Part and Timing Information
---------------------------------------------------------------------------------
Loading part: xc7a35tcpg236-1
---------------------------------------------------------------------------------
Finished Loading Part and Timing Information : Time (s): cpu = 00:00:12 ; elapsed = 00:00:15 . Memory (MB): peak = 559.875 ; gain = 352.828
---------------------------------------------------------------------------------
---------------------------------------------------------------------------------
Start Applying 'set_property' XDC Constraints
---------------------------------------------------------------------------------
---------------------------------------------------------------------------------
Finished applying 'set_property' XDC Constraints : Time (s): cpu = 00:00:12 ; elapsed = 00:00:15 . Memory (MB): peak = 559.875 ; gain = 352.828
---------------------------------------------------------------------------------
INFO: [Synth 8-5546] ROM "leds" won't be mapped to RAM because it is too sparse
INFO: [Synth 8-5546] ROM "leds" won't be mapped to RAM because it is too sparse
INFO: [Synth 8-5546] ROM "count2" won't be mapped to RAM because it is too sparse
---------------------------------------------------------------------------------
Finished RTL Optimization Phase 2 : Time (s): cpu = 00:00:12 ; elapsed = 00:00:15 . Memory (MB): peak = 559.875 ; gain = 352.828
---------------------------------------------------------------------------------

Report RTL Partitions: 
+-+--------------+------------+----------+
| |RTL Partition |Replication |Instances |
+-+--------------+------------+----------+
+-+--------------+------------+----------+
---------------------------------------------------------------------------------
Start RTL Component Statistics 
---------------------------------------------------------------------------------
Detailed RTL Component Info : 
+---Adders : 
	   2 Input     15 Bit       Adders := 1     
	   2 Input      2 Bit       Adders := 1     
+---Registers : 
	               16 Bit    Registers := 1     
	               15 Bit    Registers := 1     
	                2 Bit    Registers := 1     
+---Muxes : 
	   2 Input     16 Bit        Muxes := 1     
	   2 Input     15 Bit        Muxes := 1     
	   2 Input      8 Bit        Muxes := 4     
	   4 Input      4 Bit        Muxes := 1     
	   2 Input      1 Bit        Muxes := 1     
	   4 Input      1 Bit        Muxes := 4     
	  16 Input      1 Bit        Muxes := 7     
---------------------------------------------------------------------------------
Finished RTL Component Statistics 
---------------------------------------------------------------------------------
---------------------------------------------------------------------------------
Start RTL Hierarchical Component Statistics 
---------------------------------------------------------------------------------
Hierarchical RTL Component report 
Module tutorial 
Detailed RTL Component Info : 
+---Adders : 
	   2 Input     15 Bit       Adders := 1     
	   2 Input      2 Bit       Adders := 1     
+---Registers : 
	               16 Bit    Registers := 1     
	               15 Bit    Registers := 1     
	                2 Bit    Registers := 1     
+---Muxes : 
	   2 Input     16 Bit        Muxes := 1     
	   2 Input     15 Bit        Muxes := 1     
	   2 Input      8 Bit        Muxes := 4     
	   4 Input      4 Bit        Muxes := 1     
	   2 Input      1 Bit        Muxes := 1     
	   4 Input      1 Bit        Muxes := 4     
	  16 Input      1 Bit        Muxes := 7     
---------------------------------------------------------------------------------
Finished RTL Hierarchical Component Statistics
---------------------------------------------------------------------------------
---------------------------------------------------------------------------------
Start Part Resource Summary
---------------------------------------------------------------------------------
Part Resources:
DSPs: 90 (col length:60)
BRAMs: 100 (col length: RAMB18 60 RAMB36 30)
---------------------------------------------------------------------------------
Finished Part Resource Summary
---------------------------------------------------------------------------------
Start Parallel Synthesis Optimization  : Time (s): cpu = 00:00:12 ; elapsed = 00:00:15 . Memory (MB): peak = 559.875 ; gain = 352.828
---------------------------------------------------------------------------------
Start Cross Boundary Optimization
---------------------------------------------------------------------------------
INFO: [Synth 8-5546] ROM "leds" won't be mapped to RAM because it is too sparse
INFO: [Synth 8-5546] ROM "leds" won't be mapped to RAM because it is too sparse
INFO: [Synth 8-5546] ROM "count2" won't be mapped to RAM because it is too sparse
WARNING: [Synth 8-3331] design tutorial has unconnected port dp
WARNING: [Synth 8-3331] design tutorial has unconnected port dot0
---------------------------------------------------------------------------------
Finished Cross Boundary Optimization : Time (s): cpu = 00:00:13 ; elapsed = 00:00:16 . Memory (MB): peak = 559.875 ; gain = 352.828
---------------------------------------------------------------------------------
Finished Parallel Reinference  : Time (s): cpu = 00:00:13 ; elapsed = 00:00:16 . Memory (MB): peak = 559.875 ; gain = 352.828

Report RTL Partitions: 
+-+--------------+------------+----------+
| |RTL Partition |Replication |Instances |
+-+--------------+------------+----------+
+-+--------------+------------+----------+
---------------------------------------------------------------------------------
Start Area Optimization
---------------------------------------------------------------------------------
INFO: [Synth 8-3333] propagating constant 0 across sequential element (\kcpsm6_inst/sync_sleep_flop )
INFO: [Synth 8-3333] propagating constant 0 across sequential element (\kcpsm6_inst/sync_interrupt_flop )
WARNING: [Synth 8-3332] Sequential element (kcpsm6_inst/sync_sleep_flop) is unused and will be removed from module tutorial.
WARNING: [Synth 8-3332] Sequential element (kcpsm6_inst/sync_interrupt_flop) is unused and will be removed from module tutorial.
WARNING: [Synth 8-3332] Sequential element (kcpsm6_inst/interrupt_ack_flop) is unused and will be removed from module tutorial.
WARNING: [Synth 8-3332] Sequential element (kcpsm6_inst/k_write_strobe_flop) is unused and will be removed from module tutorial.
WARNING: [Synth 8-3332] Sequential element (kcpsm6_inst/read_strobe_flop) is unused and will be removed from module tutorial.
---------------------------------------------------------------------------------
Finished Area Optimization : Time (s): cpu = 00:00:13 ; elapsed = 00:00:16 . Memory (MB): peak = 559.875 ; gain = 352.828
---------------------------------------------------------------------------------
Finished Parallel Area Optimization  : Time (s): cpu = 00:00:13 ; elapsed = 00:00:16 . Memory (MB): peak = 559.875 ; gain = 352.828

Report RTL Partitions: 
+-+--------------+------------+----------+
| |RTL Partition |Replication |Instances |
+-+--------------+------------+----------+
+-+--------------+------------+----------+
---------------------------------------------------------------------------------
Start Timing Optimization
---------------------------------------------------------------------------------
---------------------------------------------------------------------------------
Start Applying XDC Timing Constraints
---------------------------------------------------------------------------------
---------------------------------------------------------------------------------
Finished Applying XDC Timing Constraints : Time (s): cpu = 00:00:21 ; elapsed = 00:00:24 . Memory (MB): peak = 562.012 ; gain = 354.965
---------------------------------------------------------------------------------
---------------------------------------------------------------------------------
Finished Timing Optimization : Time (s): cpu = 00:00:21 ; elapsed = 00:00:24 . Memory (MB): peak = 562.992 ; gain = 355.945
---------------------------------------------------------------------------------

Report RTL Partitions: 
+-+--------------+------------+----------+
| |RTL Partition |Replication |Instances |
+-+--------------+------------+----------+
+-+--------------+------------+----------+
---------------------------------------------------------------------------------
Start Technology Mapping
---------------------------------------------------------------------------------
---------------------------------------------------------------------------------
Finished Technology Mapping : Time (s): cpu = 00:00:21 ; elapsed = 00:00:24 . Memory (MB): peak = 583.320 ; gain = 376.273
---------------------------------------------------------------------------------
Finished Parallel Technology Mapping Optimization  : Time (s): cpu = 00:00:21 ; elapsed = 00:00:24 . Memory (MB): peak = 583.320 ; gain = 376.273

Report RTL Partitions: 
+-+--------------+------------+----------+
| |RTL Partition |Replication |Instances |
+-+--------------+------------+----------+
+-+--------------+------------+----------+
Finished Parallel Synthesis Optimization  : Time (s): cpu = 00:00:21 ; elapsed = 00:00:24 . Memory (MB): peak = 583.320 ; gain = 376.273
---------------------------------------------------------------------------------
Start IO Insertion
---------------------------------------------------------------------------------
---------------------------------------------------------------------------------
Start Flattening Before IO Insertion
---------------------------------------------------------------------------------
---------------------------------------------------------------------------------
Finished Flattening Before IO Insertion
---------------------------------------------------------------------------------
---------------------------------------------------------------------------------
Start Final Netlist Cleanup
---------------------------------------------------------------------------------
---------------------------------------------------------------------------------
Finished Final Netlist Cleanup
---------------------------------------------------------------------------------
---------------------------------------------------------------------------------
Finished IO Insertion : Time (s): cpu = 00:00:22 ; elapsed = 00:00:25 . Memory (MB): peak = 583.320 ; gain = 376.273
---------------------------------------------------------------------------------

Report Check Netlist: 
+------+------------------+-------+---------+-------+------------------+
|      |Item              |Errors |Warnings |Status |Description       |
+------+------------------+-------+---------+-------+------------------+
|1     |multi_driven_nets |      0|        0|Passed |Multi driven nets |
+------+------------------+-------+---------+-------+------------------+
---------------------------------------------------------------------------------
Start Renaming Generated Instances
---------------------------------------------------------------------------------
---------------------------------------------------------------------------------
Finished Renaming Generated Instances : Time (s): cpu = 00:00:22 ; elapsed = 00:00:25 . Memory (MB): peak = 583.320 ; gain = 376.273
---------------------------------------------------------------------------------

Report RTL Partitions: 
+-+--------------+------------+----------+
| |RTL Partition |Replication |Instances |
+-+--------------+------------+----------+
+-+--------------+------------+----------+
---------------------------------------------------------------------------------
Start Rebuilding User Hierarchy
---------------------------------------------------------------------------------
---------------------------------------------------------------------------------
Finished Rebuilding User Hierarchy : Time (s): cpu = 00:00:22 ; elapsed = 00:00:25 . Memory (MB): peak = 583.320 ; gain = 376.273
---------------------------------------------------------------------------------
---------------------------------------------------------------------------------
Start Renaming Generated Ports
---------------------------------------------------------------------------------
---------------------------------------------------------------------------------
Finished Renaming Generated Ports : Time (s): cpu = 00:00:22 ; elapsed = 00:00:25 . Memory (MB): peak = 583.320 ; gain = 376.273
---------------------------------------------------------------------------------
---------------------------------------------------------------------------------
Start Handling Custom Attributes
---------------------------------------------------------------------------------
---------------------------------------------------------------------------------
Finished Handling Custom Attributes : Time (s): cpu = 00:00:22 ; elapsed = 00:00:25 . Memory (MB): peak = 583.320 ; gain = 376.273
---------------------------------------------------------------------------------
---------------------------------------------------------------------------------
Start Renaming Generated Nets
---------------------------------------------------------------------------------
---------------------------------------------------------------------------------
Finished Renaming Generated Nets : Time (s): cpu = 00:00:22 ; elapsed = 00:00:25 . Memory (MB): peak = 583.320 ; gain = 376.273
---------------------------------------------------------------------------------
---------------------------------------------------------------------------------
Start Writing Synthesis Report
---------------------------------------------------------------------------------

Report BlackBoxes: 
+-+--------------+----------+
| |BlackBox name |Instances |
+-+--------------+----------+
+-+--------------+----------+

Report Cell Usage: 
+------+----------+------+
|      |Cell      |Count |
+------+----------+------+
|1     |BUFG      |     1|
|2     |CARRY4    |     4|
|3     |LUT1      |    14|
|4     |LUT2      |     4|
|5     |LUT4      |    13|
|6     |LUT5      |     9|
|7     |LUT6      |    36|
|8     |LUT6_2    |    50|
|9     |MUXCY     |    29|
|10    |RAM256X1S |     8|
|11    |RAM32M    |     4|
|12    |RAMB36E1  |     1|
|13    |XORCY     |    27|
|14    |FD        |    45|
|15    |FDR       |    18|
|16    |FDRE      |    47|
|17    |IBUF      |    17|
|18    |OBUF      |    27|
|19    |OBUFT     |     1|
+------+----------+------+

Report Instance Areas: 
+------+----------------+---------+------+
|      |Instance        |Module   |Cells |
+------+----------------+---------+------+
|1     |top             |         |   355|
|2     |  kcpsm6_inst   |kcpsm6   |   235|
|3     |  software_inst |software |     1|
+------+----------------+---------+------+
---------------------------------------------------------------------------------
Finished Writing Synthesis Report : Time (s): cpu = 00:00:22 ; elapsed = 00:00:25 . Memory (MB): peak = 583.320 ; gain = 376.273
---------------------------------------------------------------------------------
Synthesis finished with 0 errors, 0 critical warnings and 7 warnings.
Synthesis Optimization Runtime : Time (s): cpu = 00:00:13 ; elapsed = 00:00:17 . Memory (MB): peak = 583.320 ; gain = 127.203
Synthesis Optimization Complete : Time (s): cpu = 00:00:22 ; elapsed = 00:00:25 . Memory (MB): peak = 583.320 ; gain = 376.273
INFO: [Project 1-571] Translating synthesized netlist
INFO: [Netlist 29-17] Analyzing 203 Unisim elements for replacement
INFO: [Netlist 29-28] Unisim Transformation completed in 0 CPU seconds
INFO: [Project 1-570] Preparing netlist for logic optimization
INFO: [Opt 31-138] Pushed 0 inverter(s) to 0 load pin(s).
INFO: [Project 1-111] Unisim Transformation Summary:
  A total of 135 instances were transformed.
  (MUXCY,XORCY) => CARRY4: 10 instances
  FD => FDRE: 45 instances
  FDR => FDRE: 18 instances
  LUT6_2 => LUT6_2 (LUT5, LUT6): 50 instances
  RAM256X1S => RAM256X1S (MUXF7, MUXF7, MUXF8, RAMS64E, RAMS64E, RAMS64E, RAMS64E): 8 instances
  RAM32M => RAM32M (RAMD32, RAMD32, RAMD32, RAMD32, RAMD32, RAMD32, RAMS32, RAMS32): 4 instances

INFO: [Common 17-83] Releasing license: Synthesis
171 Infos, 10 Warnings, 0 Critical Warnings and 0 Errors encountered.
synth_design completed successfully
synth_design: Time (s): cpu = 00:00:22 ; elapsed = 00:00:23 . Memory (MB): peak = 583.320 ; gain = 376.273
report_utilization: Time (s): cpu = 00:00:00 ; elapsed = 00:00:00.012 . Memory (MB): peak = 583.320 ; gain = 0.000
INFO: [Common 17-206] Exiting Vivado at Tue Nov 22 19:52:17 2016...
