Command line:
   tb_Lab_A_Verilog_isim_beh.exe
     -simmode  gui
     -simrunnum  0
     -socket  51154

Sun Sep 20 23:22:59 2015


 Elaboration Time: 0.09375 sec

 Current Memory Usage: 361.828 Meg

 Total Signals          : 18
 Total Nets             : 17
 Total Signal Drivers   : 9
 Total Blocks           : 3
 Total Primitive Blocks : 2
 Total Processes        : 11
 Total Traceable Variables  : 21
 Total Scalar Nets and Variables : 100
Total Line Count : 24

 Total Simulation Time: 1.20313 sec

 Current Memory Usage: 361.828 Meg

Sun Sep 20 23:25:15 2015

