Command line:
   tb_Lab_G_DFF_isim_beh.exe
     -simmode  gui
     -simrunnum  0
     -socket  52002

Tue Oct 27 15:59:34 2015


 Elaboration Time: 0.03125 sec

 Current Memory Usage: 361.791 Meg

 Total Signals          : 17
 Total Nets             : 16
 Total Signal Drivers   : 8
 Total Blocks           : 3
 Total Primitive Blocks : 2
 Total Processes        : 12
 Total Traceable Variables  : 21
 Total Scalar Nets and Variables : 99
Total Line Count : 31

 Total Simulation Time: 0.03125 sec

 Current Memory Usage: 676.381 Meg

Tue Oct 27 16:00:27 2015

