#-----------------------------------------------------------
# PlanAhead v14.7 (64-bit)
# Build 321239 by xbuild on Fri Sep 27 19:29:51 MDT 2013
# Start of session at: Tue Oct 20 14:23:24 2015
# Process ID: 12840
# Log file: C:/Users/Justin/Lab_F/planAhead_run_2/planAhead.log
# Journal file: C:/Users/Justin/Lab_F/planAhead_run_2/planAhead.jou
#-----------------------------------------------------------
INFO: [Common 17-78] Attempting to get a license: PlanAhead
INFO: [Common 17-290] Got license for PlanAhead
INFO: [Device 21-36] Loading parts and site information from D:/14.7/ISE_DS/PlanAhead/data/parts/arch.xml
Parsing RTL primitives file [D:/14.7/ISE_DS/PlanAhead/data/parts/xilinx/rtl/prims/rtl_prims.xml]
Finished parsing RTL primitives file [D:/14.7/ISE_DS/PlanAhead/data/parts/xilinx/rtl/prims/rtl_prims.xml]
start_gui
source C:/Users/Justin/Lab_F/pa.fromHdl.tcl
# create_project -name Lab_F -dir "C:/Users/Justin/Lab_F/planAhead_run_2" -part xc7a100tcsg324-3
ERROR: [Common 17-53] User Exception: Project already exists on disk, please use '-force' option to overwrite: 
     C:/Users/Justin/Lab_F/planAhead_run_2/Lab_F.ppr
     C:/Users/Justin/Lab_F/planAhead_run_2/Lab_F.data

    while executing
"create_project -name Lab_F -dir "C:/Users/Justin/Lab_F/planAhead_run_2" -part xc7a100tcsg324-3"
    (file "C:/Users/Justin/Lab_F/pa.fromHdl.tcl" line 4)
exit
INFO: [Common 17-206] Exiting PlanAhead at Tue Oct 20 14:23:32 2015...
INFO: [Common 17-83] Releasing license: PlanAhead
