Vivado Simulator 2016.2
Time resolution is 1 ps
Block Memory Generator module testbench.my_example.my_framebuffer.inst.native_mem_module.blk_mem_gen_v8_3_3_inst is using a behavioral model for simulation which will not precisely model memory collision behavior.
If simulation ends before the testbench
completes, use the menu option to run all.
Prepare to wait a long time...
Info: vertical blank interrupt at          15840690000
Info: tiff_writer started frame           0
Info: wrote register 6 with data 03
Info: wrote register 5 with data 0f
Info: wrote register 0 with data 80
Info: wrote register 1 with data 7e
Info: wrote register 2 with data 80
Info: wrote register 3 with data 64
Info: wrote register 4 with data 01
Info: it is busy, waiting...
Info: read register 4 with data 01
Info: it is busy, waiting...
Info: read register 4 with data 01
Info: it is busy, waiting...
Info: read register 4 with data 01
Info: it is busy, waiting...
Info: read register 4 with data 01
Info: it is busy, waiting...
Info: read register 4 with data 01
Info: it is busy, waiting...
Info: read register 4 with data 01
Info: it is busy, waiting...
Info: read register 4 with data 01
Info: it is busy, waiting...
Info: read register 4 with data 01
Info: it is busy, waiting...
Info: read register 4 with data 01
Info: it is busy, waiting...
Info: read register 4 with data 00
Info: wrote register 0 with data 80
Info: wrote register 1 with data 82
Info: wrote register 2 with data 80
Info: wrote register 3 with data 9c
Info: wrote register 4 with data 01
Info: it is busy, waiting...
Info: read register 4 with data 01
Info: it is busy, waiting...
Info: read register 4 with data 01
Info: it is busy, waiting...
Info: read register 4 with data 01
Info: it is busy, waiting...
Info: read register 4 with data 01
Info: it is busy, waiting...
Info: read register 4 with data 01
Info: it is busy, waiting...
Info: read register 4 with data 01
Info: it is busy, waiting...
Info: read register 4 with data 01
Info: it is busy, waiting...
Info: read register 4 with data 01
Info: it is busy, waiting...
Info: read register 4 with data 01
Info: it is busy, waiting...
Info: read register 4 with data 00
Info: wrote register 0 with data 7e
Info: wrote register 1 with data 80
Info: wrote register 2 with data 64
Info: wrote register 3 with data 80
Info: wrote register 4 with data 01
Info: it is busy, waiting...
Info: read register 4 with data 01
Info: it is busy, waiting...
Info: read register 4 with data 01
Info: it is busy, waiting...
Info: read register 4 with data 01
Info: it is busy, waiting...
Info: read register 4 with data 01
Info: it is busy, waiting...
Info: read register 4 with data 01
Info: it is busy, waiting...
Info: read register 4 with data 01
Info: it is busy, waiting...
Info: read register 4 with data 01
Info: it is busy, waiting...
Info: read register 4 with data 01
Info: it is busy, waiting...
Info: read register 4 with data 01
Info: it is busy, waiting...
Info: read register 4 with data 00
Info: wrote register 0 with data 82
Info: wrote register 1 with data 80
Info: wrote register 2 with data 9c
Info: wrote register 3 with data 80
Info: wrote register 4 with data 01
Info: it is busy, waiting...
Info: read register 4 with data 01
Info: it is busy, waiting...
Info: read register 4 with data 01
Info: it is busy, waiting...
Info: read register 4 with data 01
Info: it is busy, waiting...
Info: read register 4 with data 01
Info: it is busy, waiting...
Info: read register 4 with data 01
Info: it is busy, waiting...
Info: read register 4 with data 01
Info: it is busy, waiting...
Info: read register 4 with data 01
Info: it is busy, waiting...
Info: read register 4 with data 01
Info: it is busy, waiting...
Info: read register 4 with data 01
Info: it is busy, waiting...
Info: read register 4 with data 00
Info: wrote register 5 with data 07
Info: wrote register 0 with data 7e
Info: wrote register 1 with data 7e
Info: wrote register 2 with data 64
Info: wrote register 3 with data 64
Info: wrote register 4 with data 01
Info: it is busy, waiting...
Info: read register 4 with data 01
Info: it is busy, waiting...
Info: read register 4 with data 01
Info: it is busy, waiting...
Info: read register 4 with data 01
Info: it is busy, waiting...
Info: read register 4 with data 01
Info: it is busy, waiting...
Info: read register 4 with data 01
Info: it is busy, waiting...
Info: read register 4 with data 01
Info: it is busy, waiting...
Info: read register 4 with data 01
Info: it is busy, waiting...
Info: read register 4 with data 01
Info: it is busy, waiting...
Info: read register 4 with data 01
Info: it is busy, waiting...
Info: read register 4 with data 00
Info: wrote register 0 with data 82
Info: wrote register 1 with data 7e
Info: wrote register 2 with data 9c
Info: wrote register 3 with data 64
Info: wrote register 4 with data 01
Info: it is busy, waiting...
Info: read register 4 with data 01
Info: it is busy, waiting...
Info: read register 4 with data 01
Info: it is busy, waiting...
Info: read register 4 with data 01
Info: it is busy, waiting...
Info: read register 4 with data 01
Info: it is busy, waiting...
Info: read register 4 with data 01
Info: it is busy, waiting...
Info: read register 4 with data 01
Info: it is busy, waiting...
Info: read register 4 with data 01
Info: it is busy, waiting...
Info: read register 4 with data 01
Info: it is busy, waiting...
Info: read register 4 with data 01
Info: it is busy, waiting...
Info: read register 4 with data 00
Info: wrote register 0 with data 7e
Info: wrote register 1 with data 82
Info: wrote register 2 with data 64
Info: wrote register 3 with data 9c
Info: wrote register 4 with data 01
Info: it is busy, waiting...
Info: read register 4 with data 01
Info: it is busy, waiting...
Info: read register 4 with data 01
Info: it is busy, waiting...
Info: read register 4 with data 01
Info: it is busy, waiting...
Info: read register 4 with data 01
Info: it is busy, waiting...
Info: read register 4 with data 01
Info: it is busy, waiting...
Info: read register 4 with data 01
Info: it is busy, waiting...
Info: read register 4 with data 01
Info: it is busy, waiting...
Info: read register 4 with data 01
Info: it is busy, waiting...
Info: read register 4 with data 01
Info: it is busy, waiting...
Info: read register 4 with data 00
Info: wrote register 0 with data 82
Info: wrote register 1 with data 82
Info: wrote register 2 with data 9c
Info: wrote register 3 with data 9c
Info: wrote register 4 with data 01
Info: it is busy, waiting...
Info: read register 4 with data 01
Info: it is busy, waiting...
Info: read register 4 with data 01
Info: it is busy, waiting...
Info: read register 4 with data 01
Info: it is busy, waiting...
Info: read register 4 with data 01
Info: it is busy, waiting...
Info: read register 4 with data 01
Info: it is busy, waiting...
Info: read register 4 with data 01
Info: it is busy, waiting...
Info: read register 4 with data 01
Info: it is busy, waiting...
Info: read register 4 with data 01
Info: it is busy, waiting...
Info: read register 4 with data 01
Info: it is busy, waiting...
Info: read register 4 with data 00
Info: wrote register 5 with data 03
Info: wrote register 0 with data 7d
Info: wrote register 1 with data 7f
Info: wrote register 2 with data 64
Info: wrote register 3 with data 72
Info: wrote register 4 with data 01
Info: it is busy, waiting...
Info: read register 4 with data 01
Info: it is busy, waiting...
Info: read register 4 with data 01
Info: it is busy, waiting...
Info: read register 4 with data 01
Info: it is busy, waiting...
Info: read register 4 with data 01
Info: it is busy, waiting...
Info: read register 4 with data 01
Info: it is busy, waiting...
Info: read register 4 with data 01
Info: it is busy, waiting...
Info: read register 4 with data 01
Info: it is busy, waiting...
Info: read register 4 with data 01
Info: it is busy, waiting...
Info: read register 4 with data 00
Info: wrote register 0 with data 7f
Info: wrote register 1 with data 7d
Info: wrote register 2 with data 72
Info: wrote register 3 with data 64
Info: wrote register 4 with data 01
Info: it is busy, waiting...
Info: read register 4 with data 01
Info: it is busy, waiting...
Info: read register 4 with data 01
Info: it is busy, waiting...
Info: read register 4 with data 01
Info: it is busy, waiting...
Info: read register 4 with data 01
Info: it is busy, waiting...
Info: read register 4 with data 01
Info: it is busy, waiting...
Info: read register 4 with data 01
Info: it is busy, waiting...
Info: read register 4 with data 01
Info: it is busy, waiting...
Info: read register 4 with data 01
Info: it is busy, waiting...
Info: read register 4 with data 00
Info: wrote register 0 with data 81
Info: wrote register 1 with data 7d
Info: wrote register 2 with data 8e
Info: wrote register 3 with data 64
Info: wrote register 4 with data 01
Info: it is busy, waiting...
Info: read register 4 with data 01
Info: it is busy, waiting...
Info: read register 4 with data 01
Info: it is busy, waiting...
Info: read register 4 with data 01
Info: it is busy, waiting...
Info: read register 4 with data 01
Info: it is busy, waiting...
Info: read register 4 with data 01
Info: it is busy, waiting...
Info: read register 4 with data 01
Info: it is busy, waiting...
Info: read register 4 with data 01
Info: it is busy, waiting...
Info: read register 4 with data 01
Info: it is busy, waiting...
Info: read register 4 with data 00
Info: wrote register 0 with data 83
Info: wrote register 1 with data 7f
Info: wrote register 2 with data 9c
Info: wrote register 3 with data 72
Info: wrote register 4 with data 01
Info: it is busy, waiting...
Info: read register 4 with data 01
Info: it is busy, waiting...
Info: read register 4 with data 01
Info: it is busy, waiting...
Info: read register 4 with data 01
Info: it is busy, waiting...
Info: read register 4 with data 01
Info: it is busy, waiting...
Info: read register 4 with data 01
Info: it is busy, waiting...
Info: read register 4 with data 01
Info: it is busy, waiting...
Info: read register 4 with data 01
Info: it is busy, waiting...
Info: read register 4 with data 01
Info: it is busy, waiting...
Info: read register 4 with data 00
Info: wrote register 0 with data 7d
Info: wrote register 1 with data 81
Info: wrote register 2 with data 64
Info: wrote register 3 with data 8e
Info: wrote register 4 with data 01
Info: it is busy, waiting...
Info: read register 4 with data 01
Info: it is busy, waiting...
Info: read register 4 with data 01
Info: it is busy, waiting...
Info: read register 4 with data 01
Info: it is busy, waiting...
Info: read register 4 with data 01
Info: it is busy, waiting...
Info: read register 4 with data 01
Info: it is busy, waiting...
Info: read register 4 with data 01
Info: it is busy, waiting...
Info: read register 4 with data 01
Info: it is busy, waiting...
Info: read register 4 with data 01
Info: it is busy, waiting...
Info: read register 4 with data 00
Info: wrote register 0 with data 7f
Info: wrote register 1 with data 83
Info: wrote register 2 with data 72
Info: wrote register 3 with data 9c
Info: wrote register 4 with data 01
Info: it is busy, waiting...
Info: read register 4 with data 01
Info: it is busy, waiting...
Info: read register 4 with data 01
Info: it is busy, waiting...
Info: read register 4 with data 01
Info: it is busy, waiting...
Info: read register 4 with data 01
Info: it is busy, waiting...
Info: read register 4 with data 01
Info: it is busy, waiting...
Info: read register 4 with data 01
Info: it is busy, waiting...
Info: read register 4 with data 01
Info: it is busy, waiting...
Info: read register 4 with data 01
Info: it is busy, waiting...
Info: read register 4 with data 00
Info: wrote register 0 with data 81
Info: wrote register 1 with data 83
Info: wrote register 2 with data 8e
Info: wrote register 3 with data 9c
Info: wrote register 4 with data 01
Info: it is busy, waiting...
Info: read register 4 with data 01
Info: it is busy, waiting...
Info: read register 4 with data 01
Info: it is busy, waiting...
Info: read register 4 with data 01
Info: it is busy, waiting...
Info: read register 4 with data 01
Info: it is busy, waiting...
Info: read register 4 with data 01
Info: it is busy, waiting...
Info: read register 4 with data 01
Info: it is busy, waiting...
Info: read register 4 with data 01
Info: it is busy, waiting...
Info: read register 4 with data 01
Info: it is busy, waiting...
Info: read register 4 with data 00
Info: wrote register 0 with data 83
Info: wrote register 1 with data 81
Info: wrote register 2 with data 9c
Info: wrote register 3 with data 8e
Info: wrote register 4 with data 01
Info: it is busy, waiting...
Info: read register 4 with data 01
Info: it is busy, waiting...
Info: read register 4 with data 01
Info: it is busy, waiting...
Info: read register 4 with data 01
Info: it is busy, waiting...
Info: read register 4 with data 01
Info: it is busy, waiting...
Info: read register 4 with data 01
Info: it is busy, waiting...
Info: read register 4 with data 01
Info: it is busy, waiting...
Info: read register 4 with data 01
Info: it is busy, waiting...
Info: read register 4 with data 01
Info: it is busy, waiting...
Info: read register 4 with data 00
Info: wrote register 5 with data af
Info: wrote register 0 with data 50
Info: wrote register 1 with data 5a
Info: wrote register 2 with data 50
Info: wrote register 3 with data 91
Info: wrote register 4 with data 01
Info: it is busy, waiting...
Info: read register 4 with data 01
Info: it is busy, waiting...
Info: read register 4 with data 01
Info: it is busy, waiting...
Info: read register 4 with data 01
Info: it is busy, waiting...
Info: read register 4 with data 01
Info: it is busy, waiting...
Info: read register 4 with data 01
Info: it is busy, waiting...
Info: read register 4 with data 01
Info: it is busy, waiting...
Info: read register 4 with data 01
Info: it is busy, waiting...
Info: read register 4 with data 01
Info: it is busy, waiting...
Info: read register 4 with data 01
Info: it is busy, waiting...
Info: read register 4 with data 01
Info: it is busy, waiting...
Info: read register 4 with data 01
Info: it is busy, waiting...
Info: read register 4 with data 01
Info: it is busy, waiting...
Info: read register 4 with data 01
Info: it is busy, waiting...
Info: read register 4 with data 01
Info: it is busy, waiting...
Info: read register 4 with data 01
Info: it is busy, waiting...
Info: read register 4 with data 01
Info: it is busy, waiting...
Info: read register 4 with data 01
Info: it is busy, waiting...
Info: read register 4 with data 01
Info: it is busy, waiting...
Info: read register 4 with data 00
Info: wrote register 0 with data 48
Info: wrote register 1 with data 5a
Info: wrote register 2 with data 48
Info: wrote register 3 with data 89
Info: wrote register 4 with data 01
Info: it is busy, waiting...
Info: read register 4 with data 01
Info: it is busy, waiting...
Info: read register 4 with data 01
Info: it is busy, waiting...
Info: read register 4 with data 01
Info: it is busy, waiting...
Info: read register 4 with data 01
Info: it is busy, waiting...
Info: read register 4 with data 01
Info: it is busy, waiting...
Info: read register 4 with data 01
Info: it is busy, waiting...
Info: read register 4 with data 01
Info: it is busy, waiting...
Info: read register 4 with data 01
Info: it is busy, waiting...
Info: read register 4 with data 01
Info: it is busy, waiting...
Info: read register 4 with data 01
Info: it is busy, waiting...
Info: read register 4 with data 01
Info: it is busy, waiting...
Info: read register 4 with data 01
Info: it is busy, waiting...
Info: read register 4 with data 01
Info: it is busy, waiting...
Info: read register 4 with data 01
Info: it is busy, waiting...
Info: read register 4 with data 01
Info: it is busy, waiting...
Info: read register 4 with data 01
Info: it is busy, waiting...
Info: read register 4 with data 00
Info: wrote register 0 with data 50
Info: wrote register 1 with data 91
Info: wrote register 2 with data 46
Info: wrote register 3 with data 9c
Info: wrote register 4 with data 01
Info: it is busy, waiting...
Info: read register 4 with data 01
Info: it is busy, waiting...
Info: read register 4 with data 01
Info: it is busy, waiting...
Info: read register 4 with data 01
Info: it is busy, waiting...
Info: read register 4 with data 01
Info: it is busy, waiting...
Info: read register 4 with data 00
Info: wrote register 0 with data 48
Info: wrote register 1 with data 89
Info: wrote register 2 with data 41
Info: wrote register 3 with data 94
Info: wrote register 4 with data 01
Info: it is busy, waiting...
Info: read register 4 with data 01
Info: it is busy, waiting...
Info: read register 4 with data 01
Info: it is busy, waiting...
Info: read register 4 with data 01
Info: it is busy, waiting...
Info: read register 4 with data 01
Info: it is busy, waiting...
Info: read register 4 with data 00
Info: wrote register 0 with data 46
Info: wrote register 1 with data 9c
Info: wrote register 2 with data 2d
Info: wrote register 3 with data 9c
Info: wrote register 4 with data 01
Info: it is busy, waiting...
Info: read register 4 with data 01
Info: it is busy, waiting...
Info: read register 4 with data 01
Info: it is busy, waiting...
Info: read register 4 with data 01
Info: it is busy, waiting...
Info: read register 4 with data 01
Info: it is busy, waiting...
Info: read register 4 with data 01
Info: it is busy, waiting...
Info: read register 4 with data 01
Info: it is busy, waiting...
Info: read register 4 with data 01
Info: it is busy, waiting...
Info: read register 4 with data 01
Info: it is busy, waiting...
Info: read register 4 with data 00
Info: wrote register 0 with data 41
Info: wrote register 1 with data 94
Info: wrote register 2 with data 32
Info: wrote register 3 with data 94
Info: wrote register 4 with data 01
Info: it is busy, waiting...
Info: read register 4 with data 01
Info: it is busy, waiting...
Info: read register 4 with data 01
Info: it is busy, waiting...
Info: read register 4 with data 01
Info: it is busy, waiting...
Info: read register 4 with data 01
Info: it is busy, waiting...
Info: read register 4 with data 01
Info: it is busy, waiting...
Info: read register 4 with data 00
Info: wrote register 0 with data 2d
Info: wrote register 1 with data 9c
Info: wrote register 2 with data 1e
Info: wrote register 3 with data 91
Info: wrote register 4 with data 01
Info: it is busy, waiting...
Info: read register 4 with data 01
Info: it is busy, waiting...
Info: read register 4 with data 01
Info: it is busy, waiting...
Info: read register 4 with data 01
Info: it is busy, waiting...
Info: read register 4 with data 01
Info: it is busy, waiting...
Info: read register 4 with data 01
Info: it is busy, waiting...
Info: read register 4 with data 00
Info: wrote register 0 with data 32
Info: wrote register 1 with data 94
Info: wrote register 2 with data 26
Info: wrote register 3 with data 8c
Info: wrote register 4 with data 01
Info: it is busy, waiting...
Info: read register 4 with data 01
Info: it is busy, waiting...
Info: read register 4 with data 01
Info: it is busy, waiting...
Info: read register 4 with data 01
Info: it is busy, waiting...
Info: read register 4 with data 01
Info: it is busy, waiting...
Info: read register 4 with data 00
Info: wrote register 0 with data 1e
Info: wrote register 1 with data 91
Info: wrote register 2 with data 1e
Info: wrote register 3 with data 84
Info: wrote register 4 with data 01
Info: it is busy, waiting...
Info: read register 4 with data 01
Info: it is busy, waiting...
Info: read register 4 with data 01
Info: it is busy, waiting...
Info: read register 4 with data 01
Info: it is busy, waiting...
Info: read register 4 with data 01
Info: it is busy, waiting...
Info: read register 4 with data 00
Info: wrote register 0 with data 26
Info: wrote register 1 with data 8c
Info: wrote register 2 with data 26
Info: wrote register 3 with data 84
Info: wrote register 4 with data 01
Info: it is busy, waiting...
Info: read register 4 with data 01
Info: it is busy, waiting...
Info: read register 4 with data 01
Info: it is busy, waiting...
Info: read register 4 with data 01
Info: it is busy, waiting...
Info: read register 4 with data 00
Info: wrote register 0 with data 48
Info: wrote register 1 with data 5a
Info: wrote register 2 with data 50
Info: wrote register 3 with data 5a
Info: wrote register 4 with data 01
Info: it is busy, waiting...
Info: read register 4 with data 01
Info: it is busy, waiting...
Info: read register 4 with data 01
Info: it is busy, waiting...
Info: read register 4 with data 01
Info: it is busy, waiting...
Info: read register 4 with data 00
Info: wrote register 0 with data 1e
Info: wrote register 1 with data 84
Info: wrote register 2 with data 26
Info: wrote register 3 with data 84
Info: wrote register 4 with data 01
Info: it is busy, waiting...
Info: read register 4 with data 01
Info: it is busy, waiting...
Info: read register 4 with data 01
Info: it is busy, waiting...
Info: read register 4 with data 01
Info: it is busy, waiting...
Info: read register 4 with data 00
Info: wrote register 0 with data b0
Info: wrote register 1 with data 5a
Info: wrote register 2 with data b0
Info: wrote register 3 with data 9c
Info: wrote register 4 with data 01
Info: it is busy, waiting...
Info: read register 4 with data 01
Info: it is busy, waiting...
Info: read register 4 with data 01
Info: it is busy, waiting...
Info: read register 4 with data 01
Info: it is busy, waiting...
Info: read register 4 with data 01
Info: it is busy, waiting...
Info: read register 4 with data 01
Info: it is busy, waiting...
Info: read register 4 with data 01
Info: it is busy, waiting...
Info: read register 4 with data 01
Info: it is busy, waiting...
Info: read register 4 with data 01
Info: it is busy, waiting...
Info: read register 4 with data 01
Info: it is busy, waiting...
Info: read register 4 with data 01
Info: it is busy, waiting...
Info: read register 4 with data 01
Info: it is busy, waiting...
Info: read register 4 with data 01
Info: it is busy, waiting...
Info: read register 4 with data 01
Info: it is busy, waiting...
Info: read register 4 with data 01
Info: it is busy, waiting...
Info: read register 4 with data 01
Info: it is busy, waiting...
Info: read register 4 with data 01
Info: it is busy, waiting...
Info: read register 4 with data 01
Info: it is busy, waiting...
Info: read register 4 with data 01
Info: it is busy, waiting...
Info: read register 4 with data 01
Info: it is busy, waiting...
Info: read register 4 with data 01
Info: it is busy, waiting...
Info: read register 4 with data 01
Info: it is busy, waiting...
Info: read register 4 with data 01
Info: it is busy, waiting...
Info: read register 4 with data 00
Info: wrote register 0 with data b8
Info: wrote register 1 with data 62
Info: wrote register 2 with data b8
Info: wrote register 3 with data 94
Info: wrote register 4 with data 01
Info: it is busy, waiting...
Info: read register 4 with data 01
Info: it is busy, waiting...
Info: read register 4 with data 01
Info: it is busy, waiting...
Info: read register 4 with data 01
Info: it is busy, waiting...
Info: read register 4 with data 01
Info: it is busy, waiting...
Info: read register 4 with data 01
Info: it is busy, waiting...
Info: read register 4 with data 01
Info: it is busy, waiting...
Info: read register 4 with data 01
Info: it is busy, waiting...
Info: read register 4 with data 01
Info: it is busy, waiting...
Info: read register 4 with data 01
Info: it is busy, waiting...
Info: read register 4 with data 01
Info: it is busy, waiting...
Info: read register 4 with data 01
Info: it is busy, waiting...
Info: read register 4 with data 01
Info: it is busy, waiting...
Info: read register 4 with data 01
Info: it is busy, waiting...
Info: read register 4 with data 01
Info: it is busy, waiting...
Info: read register 4 with data 01
Info: it is busy, waiting...
Info: read register 4 with data 01
Info: it is busy, waiting...
Info: read register 4 with data 01
Info: it is busy, waiting...
Info: read register 4 with data 00
Info: wrote register 0 with data b0
Info: wrote register 1 with data 5a
Info: wrote register 2 with data c9
Info: wrote register 3 with data 5a
Info: wrote register 4 with data 01
Info: it is busy, waiting...
Info: read register 4 with data 01
Info: it is busy, waiting...
Info: read register 4 with data 01
Info: it is busy, waiting...
Info: read register 4 with data 01
Info: it is busy, waiting...
Info: read register 4 with data 01
Info: it is busy, waiting...
Info: read register 4 with data 01
Info: it is busy, waiting...
Info: read register 4 with data 01
Info: it is busy, waiting...
Info: read register 4 with data 01
Info: it is busy, waiting...
Info: read register 4 with data 01
Info: it is busy, waiting...
Info: read register 4 with data 00
Info: wrote register 0 with data b8
Info: wrote register 1 with data 62
Info: wrote register 2 with data c4
Info: wrote register 3 with data 62
Info: wrote register 4 with data 01
Info: it is busy, waiting...
Info: read register 4 with data 01
Info: it is busy, waiting...
Info: read register 4 with data 01
Info: it is busy, waiting...
Info: read register 4 with data 01
Info: it is busy, waiting...
Info: read register 4 with data 01
Info: it is busy, waiting...
Info: read register 4 with data 00
Info: wrote register 0 with data b0
Info: wrote register 1 with data 9c
Info: wrote register 2 with data c9
Info: wrote register 3 with data 9c
Info: wrote register 4 with data 01
Info: it is busy, waiting...
Info: read register 4 with data 01
Info: it is busy, waiting...
Info: read register 4 with data 01
Info: it is busy, waiting...
Info: read register 4 with data 01
Info: it is busy, waiting...
Info: read register 4 with data 01
Info: it is busy, waiting...
Info: read register 4 with data 01
Info: it is busy, waiting...
Info: read register 4 with data 01
Info: it is busy, waiting...
Info: read register 4 with data 01
Info: it is busy, waiting...
Info: read register 4 with data 01
Info: it is busy, waiting...
Info: read register 4 with data 00
Info: wrote register 0 with data b8
Info: wrote register 1 with data 94
Info: wrote register 2 with data c4
Info: wrote register 3 with data 94
Info: wrote register 4 with data 01
Info: it is busy, waiting...
Info: read register 4 with data 01
Info: it is busy, waiting...
Info: read register 4 with data 01
Info: it is busy, waiting...
Info: read register 4 with data 01
Info: it is busy, waiting...
Info: read register 4 with data 01
Info: it is busy, waiting...
Info: read register 4 with data 00
Info: wrote register 0 with data b8
Info: wrote register 1 with data 77
Info: wrote register 2 with data c4
Info: wrote register 3 with data 77
Info: wrote register 4 with data 01
Info: it is busy, waiting...
Info: read register 4 with data 01
Info: it is busy, waiting...
Info: read register 4 with data 01
Info: it is busy, waiting...
Info: read register 4 with data 01
Info: it is busy, waiting...
Info: read register 4 with data 01
Info: it is busy, waiting...
Info: read register 4 with data 00
Info: wrote register 0 with data b8
Info: wrote register 1 with data 7f
Info: wrote register 2 with data c4
Info: wrote register 3 with data 7f
Info: wrote register 4 with data 01
Info: it is busy, waiting...
Info: read register 4 with data 01
Info: it is busy, waiting...
Info: read register 4 with data 01
Info: it is busy, waiting...
Info: read register 4 with data 01
Info: it is busy, waiting...
Info: read register 4 with data 01
Info: it is busy, waiting...
Info: read register 4 with data 00
Info: wrote register 0 with data c4
Info: wrote register 1 with data 62
Info: wrote register 2 with data cc
Info: wrote register 3 with data 68
Info: wrote register 4 with data 01
Info: it is busy, waiting...
Info: read register 4 with data 01
Info: it is busy, waiting...
Info: read register 4 with data 01
Info: it is busy, waiting...
Info: read register 4 with data 01
Info: it is busy, waiting...
Info: read register 4 with data 00
Info: wrote register 0 with data cc
Info: wrote register 1 with data 68
Info: wrote register 2 with data ce
Info: wrote register 3 with data 6e
Info: wrote register 4 with data 01
Info: it is busy, waiting...
Info: read register 4 with data 01
Info: it is busy, waiting...
Info: read register 4 with data 01
Info: it is busy, waiting...
Info: read register 4 with data 00
Info: wrote register 0 with data ce
Info: wrote register 1 with data 6e
Info: wrote register 2 with data cc
Info: wrote register 3 with data 74
Info: wrote register 4 with data 01
Info: it is busy, waiting...
Info: read register 4 with data 01
Info: it is busy, waiting...
Info: read register 4 with data 01
Info: it is busy, waiting...
Info: read register 4 with data 00
Info: wrote register 0 with data cc
Info: wrote register 1 with data 74
Info: wrote register 2 with data c4
Info: wrote register 3 with data 77
Info: wrote register 4 with data 01
Info: it is busy, waiting...
Info: read register 4 with data 01
Info: it is busy, waiting...
Info: read register 4 with data 01
Info: it is busy, waiting...
Info: read register 4 with data 01
Info: it is busy, waiting...
Info: read register 4 with data 00
Info: wrote register 0 with data c4
Info: wrote register 1 with data 7f
Info: wrote register 2 with data cc
Info: wrote register 3 with data 82
Info: wrote register 4 with data 01
Info: it is busy, waiting...
Info: read register 4 with data 01
Info: it is busy, waiting...
Info: read register 4 with data 01
Info: it is busy, waiting...
Info: read register 4 with data 01
Info: it is busy, waiting...
Info: read register 4 with data 00
Info: wrote register 0 with data cc
Info: wrote register 1 with data 82
Info: wrote register 2 with data ce
Info: wrote register 3 with data 88
Info: wrote register 4 with data 01
Info: it is busy, waiting...
Info: read register 4 with data 01
Info: it is busy, waiting...
Info: read register 4 with data 01
Info: it is busy, waiting...
Info: read register 4 with data 00
Info: wrote register 0 with data ce
Info: wrote register 1 with data 88
Info: wrote register 2 with data cc
Info: wrote register 3 with data 8e
Info: wrote register 4 with data 01
Info: it is busy, waiting...
Info: read register 4 with data 01
Info: it is busy, waiting...
Info: read register 4 with data 01
Info: it is busy, waiting...
Info: read register 4 with data 00
Info: wrote register 0 with data cc
Info: wrote register 1 with data 8e
Info: wrote register 2 with data c4
Info: wrote register 3 with data 94
Info: wrote register 4 with data 01
Info: it is busy, waiting...
Info: read register 4 with data 01
Info: it is busy, waiting...
Info: read register 4 with data 01
Info: it is busy, waiting...
Info: read register 4 with data 01
Info: it is busy, waiting...
Info: read register 4 with data 00
Info: wrote register 0 with data c9
Info: wrote register 1 with data 5a
Info: wrote register 2 with data d1
Info: wrote register 3 with data 62
Info: wrote register 4 with data 01
Info: it is busy, waiting...
Info: read register 4 with data 01
Info: it is busy, waiting...
Info: read register 4 with data 01
Info: it is busy, waiting...
Info: read register 4 with data 01
Info: it is busy, waiting...
Info: read register 4 with data 00
Info: wrote register 0 with data d1
Info: wrote register 1 with data 62
Info: wrote register 2 with data d5
Info: wrote register 3 with data 6a
Info: wrote register 4 with data 01
Info: it is busy, waiting...
Info: read register 4 with data 01
Info: it is busy, waiting...
Info: read register 4 with data 01
Info: it is busy, waiting...
Info: read register 4 with data 01
Info: it is busy, waiting...
Info: read register 4 with data 00
Info: wrote register 0 with data d5
Info: wrote register 1 with data 6a
Info: wrote register 2 with data d4
Info: wrote register 3 with data 74
Info: wrote register 4 with data 01
Info: it is busy, waiting...
Info: read register 4 with data 01
Info: it is busy, waiting...
Info: read register 4 with data 01
Info: it is busy, waiting...
Info: read register 4 with data 01
Info: it is busy, waiting...
Info: read register 4 with data 00
Info: wrote register 0 with data d4
Info: wrote register 1 with data 74
Info: wrote register 2 with data c9
Info: wrote register 3 with data 7b
Info: wrote register 4 with data 01
Info: it is busy, waiting...
Info: read register 4 with data 01
Info: it is busy, waiting...
Info: read register 4 with data 01
Info: it is busy, waiting...
Info: read register 4 with data 01
Info: it is busy, waiting...
Info: read register 4 with data 01
Info: it is busy, waiting...
Info: read register 4 with data 00
Info: wrote register 0 with data c9
Info: wrote register 1 with data 7b
Info: wrote register 2 with data d1
Info: wrote register 3 with data 82
Info: wrote register 4 with data 01
Info: it is busy, waiting...
Info: read register 4 with data 01
Info: it is busy, waiting...
Info: read register 4 with data 01
Info: it is busy, waiting...
Info: read register 4 with data 01
Info: it is busy, waiting...
Info: read register 4 with data 00
Info: wrote register 0 with data d1
Info: wrote register 1 with data 82
Info: wrote register 2 with data d5
Info: wrote register 3 with data 8c
Info: wrote register 4 with data 01
Info: it is busy, waiting...
Info: read register 4 with data 01
Info: it is busy, waiting...
Info: read register 4 with data 01
Info: it is busy, waiting...
Info: read register 4 with data 01
Info: it is busy, waiting...
Info: read register 4 with data 00
Info: wrote register 0 with data d5
Info: wrote register 1 with data 8c
Info: wrote register 2 with data d4
Info: wrote register 3 with data 94
Info: wrote register 4 with data 01
Info: it is busy, waiting...
Info: read register 4 with data 01
Info: it is busy, waiting...
Info: read register 4 with data 01
Info: it is busy, waiting...
Info: read register 4 with data 01
Info: it is busy, waiting...
Info: read register 4 with data 00
Info: wrote register 0 with data d4
Info: wrote register 1 with data 94
Info: wrote register 2 with data c9
Info: wrote register 3 with data 9c
Info: wrote register 4 with data 01
Info: it is busy, waiting...
Info: read register 4 with data 01
Info: it is busy, waiting...
Info: read register 4 with data 01
Info: it is busy, waiting...
Info: read register 4 with data 01
Info: it is busy, waiting...
Info: read register 4 with data 01
Info: it is busy, waiting...
Info: read register 4 with data 00
Info: tiff writer finished frame           0
Info: vertical blank interrupt at          32393490000
Info: tiff_writer started frame           1
