KCPSM6 Assembler log file for program 'C:\Users\Justin\Documents\4th School Year\Fall 2016 Semester\EE178\Vivado Projects\EE178 Lab #7\software\software.psm'.
Generated by KCPSM6 version v2.51
Ken Chapman - Xilinx Ltd - 29th May 2013

Assembly datestamp: 10 Dec 2016
Assembly timestamp: 00:26:20

Contents
  Assembly listing
  List of PSM files
  List of CONSTANTs
  List of TABLEs
  List of STRINGs
  List of line labels
  Instruction usage statistics


Last occupied address: 02E hex
Nominal program memory size: 1K (1024)   address(9:0)
Actual memory size: 4096
  (Default memory size)
Occupied memory locations: 47
Memory locations available: 4049


Assembly listing

 Addr Code                Instruction

 000                      ;;============================================================================
 000                      ;; File: software.psm
 000                      ;; This is the PicoBlaze program for EE178 Lab #7.
 000                      ;;============================================================================
 000                      ;;============================================================================
 000                      ;; Port address declarations.
 000                      ;;============================================================================
 000                      CONSTANT switches_lo, 00  ; port for 8-bit switch input
 000                      CONSTANT switches_hi, 01  ; port for 8-bit switch input
 000                      CONSTANT leds_lo, 02      ; port for 8-bit led data out
 000                      CONSTANT leds_hi, 03      ; port for 8-bit led data out
 000                      CONSTANT my_sid_lo, 48    ; lo byte of student id (put yours here)
 000                      CONSTANT my_sid_hi, 32    ; hi byte of student id (put yours here)
 000                      CONSTANT zero, 00         ; zero
 000                      CONSTANT one, 01          ; one
 000                      ;;============================================================================
 000                      ;; Infinite loop.
 000                      ;;============================================================================
 000  09000         loop: INPUT s0, 00[switches_lo] ; get lo switch values
 001  09101               INPUT s1, 01[switches_hi] ; get hi switch values
 002  01200               LOAD s2, 00
 003  1D048               COMPARE s0, 48[my_sid_lo]
 004  3600A               JUMP NZ, 00A[count_zeros]
 005  1D132               COMPARE s1, 32[my_sid_hi]
 006  3600A               JUMP NZ, 00A[count_zeros]
 007  2202C               JUMP 02C[endloop]
 008  11201  add_to_cntr: ADD s2, 01
 009  25000               RETURN 
 00A  0D001  count_zeros: TEST s0, 01
 00B  30008               CALL Z, 008[add_to_cntr]
 00C  0D002               TEST s0, 02
 00D  30008               CALL Z, 008[add_to_cntr]
 00E  0D004               TEST s0, 04
 00F  30008               CALL Z, 008[add_to_cntr]
 010  0D008               TEST s0, 08
 011  30008               CALL Z, 008[add_to_cntr]
 012  0D010               TEST s0, 10
 013  30008               CALL Z, 008[add_to_cntr]
 014  0D020               TEST s0, 20
 015  30008               CALL Z, 008[add_to_cntr]
 016  0D040               TEST s0, 40
 017  30008               CALL Z, 008[add_to_cntr]
 018  0D080               TEST s0, 80
 019  30008               CALL Z, 008[add_to_cntr]
 01A  0D101               TEST s1, 01
 01B  30008               CALL Z, 008[add_to_cntr]
 01C  0D102               TEST s1, 02
 01D  30008               CALL Z, 008[add_to_cntr]
 01E  0D104               TEST s1, 04
 01F  30008               CALL Z, 008[add_to_cntr]
 020  0D108               TEST s1, 08
 021  30008               CALL Z, 008[add_to_cntr]
 022  0D110               TEST s1, 10
 023  30008               CALL Z, 008[add_to_cntr]
 024  0D120               TEST s1, 20
 025  30008               CALL Z, 008[add_to_cntr]
 026  0D140               TEST s1, 40
 027  30008               CALL Z, 008[add_to_cntr]
 028  0D180               TEST s1, 80
 029  30008               CALL Z, 008[add_to_cntr]
 02A  00020               LOAD s0, s2
 02B  01100               LOAD s1, 00
 02C  2D002      endloop: OUTPUT s0, 02[leds_lo]    ; put lo led values
 02D  2D103               OUTPUT s1, 03[leds_hi]    ; put hi led values
 02E  22000               JUMP 000[loop]            ; go back and repeat
 02F                      ;;============================================================================
 02F                      ;;
 02F                      ;;============================================================================



List of PSM files that have been assembled

C:\Users\Justin\Documents\4th School Year\Fall 2016 Semester\EE178\Vivado Projects\EE178 Lab #7\software\software.psm



List of defined constants

 CONSTANT name     Value        Source PSM File

 timestamp_hours   00'd         
 timestamp_minutes 26'd         
 timestamp_seconds 20'd         
 datestamp_year    16'd         
 datestamp_month   12'd         
 datestamp_day     10'd         
 NUL               00           
 BEL               07           
 BS                08           
 HT                09           
 LF                0A           
 VT                0B           
 CR                0D           
 ESC               1B           
 DEL               7F           
 DCS               90           
 ST                9C           
 switches_lo       00           software.psm
 switches_hi       01           software.psm
 leds_lo           02           software.psm
 leds_hi           03           software.psm
 my_sid_lo         48           software.psm
 my_sid_hi         32           software.psm
 zero              00           software.psm
 one               01           software.psm



No TABLEs defined



List of text strings

 STRING name       String         Source PSM File

 KCPSM6_version$   "v2.51"        
 datestamp$        "10 Dec 2016"  
 timestamp$        "00:26:20"     



List of line labels

   Label         Addr  Source PSM File

   loop          000   software.psm
   add_to_cntr   008   software.psm
   count_zeros   00A   software.psm
   endloop       02C   software.psm



Instruction usage statistics

 Instruction    Instances

 LOAD              3
 STAR              -

 AND               -
 OR                -
 XOR               -

 ADD               1
 ADDCY             -
 SUB               -
 SUBCY             -

 TEST             16
 TESTCY            -
 COMPARE           2
 COMPARECY         -

 SL0               -
 SL1               -
 SLX               -
 SLA               -
 RL                -
 SR0               -
 SR1               -
 SRX               -
 SRA               -
 RR                -

 REGBANK           -

 INPUT             2
 OUTPUT            2
 OUTPUTK           -

 STORE             -
 FETCH             -

 DISABLE           -
 ENABLE            -
 RETURNI           -

 JUMP              4
 JUMP@             -
 CALL             16
 CALL@             -
 RETURN            1
 LOAD&RETURN       -

 HWBUILD           -



End of KCPSM6 log file.
