Command line:
   tb_Lab_E_part1_isim_beh.exe
     -simmode  gui
     -simrunnum  0
     -socket  64493

Tue Oct 06 14:29:31 2015


 Elaboration Time: 0.015625 sec

 Current Memory Usage: 361.824 Meg

 Total Signals          : 23
 Total Nets             : 21
 Total Signal Drivers   : 13
 Total Blocks           : 3
 Total Primitive Blocks : 2
 Total Processes        : 15
 Total Traceable Variables  : 21
 Total Scalar Nets and Variables : 104
Total Line Count : 24

 Total Simulation Time: 0.015625 sec

 Current Memory Usage: 361.824 Meg

Tue Oct 06 14:53:53 2015

