Command line:
   Lab_G_DFF_isim_beh.exe
     -simmode  gui
     -simrunnum  1
     -socket  51956

Tue Oct 27 15:58:37 2015


 Elaboration Time: 0.03125 sec

 Current Memory Usage: 361.808 Meg

 Total Signals          : 16
 Total Nets             : 16
 Total Signal Drivers   : 6
 Total Blocks           : 2
 Total Primitive Blocks : 2
 Total Processes        : 8
 Total Traceable Variables  : 19
 Total Scalar Nets and Variables : 97
Total Line Count : 18

 Total Simulation Time: 0.046875 sec

 Current Memory Usage: 361.808 Meg

Tue Oct 27 15:58:41 2015

